[openstudio.LocalLibraryController] <-2> Creating LocalLibraryController with base app 0x7fff5d7da950
[utilities.bcl.BCLMeasure] <-2> Loading measures in path: /Applications/OpenStudio 1.5.1/OpenStudio.app/Contents/share/openstudio-1.5.1/pat/Measures/
[utilities.bcl.BCLMeasure] <-2> Attempting to load measure: /Applications/OpenStudio 1.5.1/OpenStudio.app/Contents/share/openstudio-1.5.1/pat/Measures/CalibrationReports
[utilities.bcl.BCLMeasure] <-2> Success loading measure: /Applications/OpenStudio 1.5.1/OpenStudio.app/Contents/share/openstudio-1.5.1/pat/Measures/CalibrationReports
[utilities.bcl.BCLMeasure] <-2> Attempting to load measure: /Applications/OpenStudio 1.5.1/OpenStudio.app/Contents/share/openstudio-1.5.1/pat/Measures/ReplaceModel
[utilities.bcl.BCLMeasure] <-2> Success loading measure: /Applications/OpenStudio 1.5.1/OpenStudio.app/Contents/share/openstudio-1.5.1/pat/Measures/ReplaceModel
[utilities.bcl.BCLMeasure] <-2> Attempting to load measure: /Applications/OpenStudio 1.5.1/OpenStudio.app/Contents/share/openstudio-1.5.1/pat/Measures/ReportRequest
[utilities.bcl.BCLMeasure] <-2> Success loading measure: /Applications/OpenStudio 1.5.1/OpenStudio.app/Contents/share/openstudio-1.5.1/pat/Measures/ReportRequest
[utilities.bcl.BCLMeasure] <-2> Attempting to load measure: /Applications/OpenStudio 1.5.1/OpenStudio.app/Contents/share/openstudio-1.5.1/pat/Measures/StandardReports
[utilities.bcl.BCLMeasure] <-2> Success loading measure: /Applications/OpenStudio 1.5.1/OpenStudio.app/Contents/share/openstudio-1.5.1/pat/Measures/StandardReports
[utilities.bcl.BCLMeasure] <-2> Loading measures in path: /Users/nlong/OpenStudio/Measures
[utilities.bcl.BCLMeasure] <-2> Attempting to load measure: /Users/nlong/OpenStudio/Measures/donothingbutincludefile
[utilities.bcl.BCLMeasure] <-2> Success loading measure: /Users/nlong/OpenStudio/Measures/donothingbutincludefile
[utilities.bcl.BCLMeasure] <-2> Attempting to load measure: /Users/nlong/OpenStudio/Measures/StandardReportsCopy
[utilities.bcl.BCLMeasure] <-2> Success loading measure: /Users/nlong/OpenStudio/Measures/StandardReportsCopy
[utilities.bcl.BCLMeasure] <-2> Attempting to load measure: /Users/nlong/OpenStudio/Measures/TestMeasure
[utilities.bcl.BCLMeasure] <-2> Success loading measure: /Users/nlong/OpenStudio/Measures/TestMeasure
[utilities.bcl.BCLMeasure] <-2> Attempting to load measure: /Users/nlong/OpenStudio/Measures/thisisameasure
[utilities.bcl.BCLMeasure] <-2> Success loading measure: /Users/nlong/OpenStudio/Measures/thisisameasure
[openstudio.model.WeatherFile] <-2> Current path 'files/USA_CO_Boulder-Broomfield-Jefferson.County.AP.724699_TMY3.epw' not complete. After calling system_complete have '/files/USA_CO_Boulder-Broomfield-Jefferson.County.AP.724699_TMY3.epw'.
[openstudio.model.WeatherFile] <-2> Going to look for '/Users/nlong/working/personal/School/CVEN5830-SBD/Assignment-3/model/05-shading/files/USA_CO_Boulder-Broomfield-Jefferson.County.AP.724699_TMY3.epw'.
[openstudio.model.WeatherFile] <-2> Going to look for '/Users/nlong/working/personal/School/CVEN5830-SBD/Assignment-3/model/05-shading/USA_CO_Boulder-Broomfield-Jefferson.County.AP.724699_TMY3.epw'.
[openstudio.model.WeatherFile] <-2> Setting weather file url to file:files/USA_CO_Boulder-Broomfield-Jefferson.County.AP.724699_TMY3.epw
[openstudio::RunView] <-2> playButtonClicked 1
[openstudio.runmanager.Workflow] <-2> creating workflow
[openstudio.runmanager.Job_Impl] <-2> Returning previously saved outputfiles
[openstudio.runmanager.RunManager] <-2> (/var/folders/ry/9qrp5ths0g13dj7j20c3c_x93s6z2r/T/OpenStudio.C39752/resources/run.db) Persisting job status for {d1682e97-4ab2-4b4d-92c3-9614b40e6bea}
[openstudio.runmanager.RunManager] <-2> Deleted previous data job status for {d1682e97-4ab2-4b4d-92c3-9614b40e6bea}
[openstudio.runmanager.RunManager] <-2> Not persisting, job has not actually finished {d1682e97-4ab2-4b4d-92c3-9614b40e6bea}
[openstudio.runmanager.Job_Impl] <-2> Returning previously saved outputfiles
[openstudio.runmanager.RunManager] <-2> (/var/folders/ry/9qrp5ths0g13dj7j20c3c_x93s6z2r/T/OpenStudio.C39752/resources/run.db) Persisting job status for {8d94d40a-c9e4-441e-8c76-29d849444692}
[openstudio.runmanager.RunManager] <-2> Deleted previous data job status for {8d94d40a-c9e4-441e-8c76-29d849444692}
[openstudio.runmanager.RunManager] <-2> Not persisting, job has not actually finished {8d94d40a-c9e4-441e-8c76-29d849444692}
[openstudio.runmanager.Job_Impl] <-2> Returning previously saved outputfiles
[openstudio.runmanager.RunManager] <-2> (/var/folders/ry/9qrp5ths0g13dj7j20c3c_x93s6z2r/T/OpenStudio.C39752/resources/run.db) Persisting job status for {6f529916-141c-4663-985f-db0964826490}
[openstudio.runmanager.RunManager] <-2> Deleted previous data job status for {6f529916-141c-4663-985f-db0964826490}
[openstudio.runmanager.RunManager] <-2> Not persisting, job has not actually finished {6f529916-141c-4663-985f-db0964826490}
[openstudio.runmanager.Job_Impl] <-2> Returning previously saved outputfiles
[openstudio.runmanager.RunManager] <-2> (/var/folders/ry/9qrp5ths0g13dj7j20c3c_x93s6z2r/T/OpenStudio.C39752/resources/run.db) Persisting job status for {f822b18e-fb0a-4329-b8fa-5f56e5eccf18}
[openstudio.runmanager.RunManager] <-2> Deleted previous data job status for {f822b18e-fb0a-4329-b8fa-5f56e5eccf18}
[openstudio.runmanager.RunManager] <-2> Not persisting, job has not actually finished {f822b18e-fb0a-4329-b8fa-5f56e5eccf18}
[openstudio.runmanager.Job_Impl] <-2> Returning previously saved outputfiles
[openstudio.runmanager.RunManager] <-2> (/var/folders/ry/9qrp5ths0g13dj7j20c3c_x93s6z2r/T/OpenStudio.C39752/resources/run.db) Persisting job status for {80653f5b-67e5-470d-a974-f0188b3ef782}
[openstudio.runmanager.RunManager] <-2> Deleted previous data job status for {80653f5b-67e5-470d-a974-f0188b3ef782}
[openstudio.runmanager.RunManager] <-2> Not persisting, job has not actually finished {80653f5b-67e5-470d-a974-f0188b3ef782}
[openstudio.project.ProjectDatabase] <-1> DB Message: cannot start a transaction within a transaction Unable to begin transaction
[saveModel] <-2> Saved model to '/var/folders/ry/9qrp5ths0g13dj7j20c3c_x93s6z2r/T/OpenStudio.C39752/in.osm'
[saveModelTempDir] <-2> Copying /var/folders/ry/9qrp5ths0g13dj7j20c3c_x93s6z2r/T/OpenStudio.C39752/resources to /Users/nlong/working/personal/School/CVEN5830-SBD/Assignment-3/model/05-shading
[copyDir] <-1> copyDir '/var/folders/ry/9qrp5ths0g13dj7j20c3c_x93s6z2r/T/OpenStudio.C39752/resources' to '/Users/nlong/working/personal/School/CVEN5830-SBD/Assignment-3/model/05-shading'
[synchDirStructures] <-1> Synching destination '/Users/nlong/working/personal/School/CVEN5830-SBD/Assignment-3/model/05-shading' with source '/var/folders/ry/9qrp5ths0g13dj7j20c3c_x93s6z2r/T/OpenStudio.C39752/resources'
[synchDirStructures] <-1> Synching destination '/Users/nlong/working/personal/School/CVEN5830-SBD/Assignment-3/model/05-shading/files' with source '/var/folders/ry/9qrp5ths0g13dj7j20c3c_x93s6z2r/T/OpenStudio.C39752/resources/files'
[synchDirStructures] <-1> Synching destination '/Users/nlong/working/personal/School/CVEN5830-SBD/Assignment-3/model/05-shading/run' with source '/var/folders/ry/9qrp5ths0g13dj7j20c3c_x93s6z2r/T/OpenStudio.C39752/resources/run'
[synchDirStructures] <-1> Synching destination '/Users/nlong/working/personal/School/CVEN5830-SBD/Assignment-3/model/05-shading/scripts' with source '/var/folders/ry/9qrp5ths0g13dj7j20c3c_x93s6z2r/T/OpenStudio.C39752/resources/scripts'
[copyDir] <-1> copyDir '/var/folders/ry/9qrp5ths0g13dj7j20c3c_x93s6z2r/T/OpenStudio.C39752/resources/files' to '/Users/nlong/working/personal/School/CVEN5830-SBD/Assignment-3/model/05-shading/files'
[synchDirStructures] <-1> Synching destination '/Users/nlong/working/personal/School/CVEN5830-SBD/Assignment-3/model/05-shading/files' with source '/var/folders/ry/9qrp5ths0g13dj7j20c3c_x93s6z2r/T/OpenStudio.C39752/resources/files'
[copyDir] <-1> copyDir '/var/folders/ry/9qrp5ths0g13dj7j20c3c_x93s6z2r/T/OpenStudio.C39752/resources/run' to '/Users/nlong/working/personal/School/CVEN5830-SBD/Assignment-3/model/05-shading/run'
[synchDirStructures] <-1> Synching destination '/Users/nlong/working/personal/School/CVEN5830-SBD/Assignment-3/model/05-shading/run' with source '/var/folders/ry/9qrp5ths0g13dj7j20c3c_x93s6z2r/T/OpenStudio.C39752/resources/run'
[copyDir] <-1> copyDir '/var/folders/ry/9qrp5ths0g13dj7j20c3c_x93s6z2r/T/OpenStudio.C39752/resources/scripts' to '/Users/nlong/working/personal/School/CVEN5830-SBD/Assignment-3/model/05-shading/scripts'
[synchDirStructures] <-1> Synching destination '/Users/nlong/working/personal/School/CVEN5830-SBD/Assignment-3/model/05-shading/scripts' with source '/var/folders/ry/9qrp5ths0g13dj7j20c3c_x93s6z2r/T/OpenStudio.C39752/resources/scripts'
[openstudio::RunView] <-2> updateToolsWarnings called
[openstudio.runmanager.ToolFinder] <-2> Merging Tool: Ruby /System/Library/Frameworks/Ruby.framework/Versions/2.0/usr/bin -.-.-
[openstudio.utilities.core] <-2> Path '/System/Library/Frameworks/Ruby.framework/Versions/2.0/usr/bin' does not extend base '/Applications/OpenStudio 1.5.1/sharedresources'.
[openstudio.utilities.core] <-2> Path '/System/Library/Frameworks/Ruby.framework/Versions/2.0/usr/bin' does not extend base '/Applications/OpenStudio 1.5.1/sharedresources'.
[openstudio.runmanager.ToolFinder] <-2> Existing tool found with same type and version - merging data
[openstudio.runmanager.ToolFinder] <-2> Merging Tool: EnergyPlus /Applications/EnergyPlus-8-1-0 8.1.0
[openstudio.utilities.core] <-2> Path '/Applications/EnergyPlus-8-1-0' does not extend base '/Applications/OpenStudio 1.5.1/sharedresources'.
[openstudio.utilities.core] <-2> Path '/Applications/EnergyPlus-8-1-0' does not extend base '/Applications/OpenStudio 1.5.1/sharedresources'.
[openstudio.runmanager.ToolFinder] <-2> Checking for NREL_ver /Applications/NREL_ver.txt
[openstudio.runmanager.ToolFinder] <-2> Checking for NREL_ver /Applications/NREL_ver.txt
[openstudio.runmanager.ToolFinder] <-2> Existing tool found with same type and version - merging data
[openstudio::RunView] <-2> updateToolsWarnings called
[openstudio.runmanager.RubyJobUtils] <1> Input file type is "Unknown" unable to add it.
[openstudio.runmanager.RubyJobUtils] <-1> Skipping file, already exists as a required file: /Applications/OpenStudio 1.5.1/OpenStudio.app/Contents/share/openstudio-1.5.1/pat/Measures/StandardReports/measure.rb
[openstudio.runmanager.RubyJobUtils] <-1> Adding input file of type: IDF to be copied to in.idf
[openstudio.runmanager.RubyJobUtils] <-1> Copying all required files from IDF to IDF
[openstudio.runmanager.RubyJobUtils] <-1> Skipping file, already exists as a required file: /Applications/OpenStudio 1.5.1/OpenStudio.app/Contents/share/openstudio-1.5.1/pat/Measures/ReportRequest/measure.rb
[openstudio.runmanager.Workflow] <-2> Creating workflow with outdir /var/folders/ry/9qrp5ths0g13dj7j20c3c_x93s6z2r/T/OpenStudio.C39752/resources/run infile /var/folders/ry/9qrp5ths0g13dj7j20c3c_x93s6z2r/T/OpenStudio.C39752/in.osm epwlocation 
[openstudio.runmanager.Workflow] <-2> creating workflow
[openstudio.runmanager.Workflow] <-2> Workflow contains file /var/folders/ry/9qrp5ths0g13dj7j20c3c_x93s6z2r/T/OpenStudio.C39752/in.osm
[openstudio.runmanager.NormalizeURLs] <-2> Analyzing file for URLs to update /var/folders/ry/9qrp5ths0g13dj7j20c3c_x93s6z2r/T/OpenStudio.C39752/in.osm
[openstudio.runmanager.NormalizeURLs] <-2> time to load idf: 0.076333
[openstudio.runmanager.NormalizeURLs] <-2> Successfully loaded idf file into workspace containing 859 objects
[utilities.idf.Workspace] <-2> Url found in file: file:files/USA_CO_Boulder-Broomfield-Jefferson.County.AP.724699_TMY3.epw
[utilities.idf.Workspace] <-2> Url is relative or 'file'
[utilities.idf.Workspace] <-2> Source URL:  for original URL: file:files/USA_CO_Boulder-Broomfield-Jefferson.County.AP.724699_TMY3.epw
[utilities.idf.Workspace] <1> URL Found in IDF: file:files/USA_CO_Boulder-Broomfield-Jefferson.County.AP.724699_TMY3.epw but no source could be located.
[openstudio.runmanager.NormalizeURLs] <-2> time to locate URL's: 0.000316
[openstudio.runmanager.NormalizeURLs] <-1> No URLs found in input
[openstudio.runmanager.RunManager] <-1> Enqueuing Job: {239f694b-1c3a-4332-9c33-1d730e872246} Null Job
[openstudio.runmanager.RunManager] <-1> Enqueuing Job: {3f43a722-f5a5-48a9-b493-9f8cf8bb5b21} ModelToIdf
[openstudio.runmanager.RunManager] <-1> Enqueuing Job: {2f798a41-2491-4298-aeb2-b83840a68060} ExpandObjects
[openstudio.runmanager.RunManager] <-1> Enqueuing Job: {0398724f-3a38-458c-ad5e-9340b8ef9e37} UserScript (UserScriptAdapter.rb)
[openstudio.runmanager.RunManager] <-1> Enqueuing Job: {0c4c3cfb-7f77-4bbb-ad45-c03aa527b6e6} EnergyPlusPreProcess
[openstudio.runmanager.RunManager] <-1> Enqueuing Job: {53720b58-3de0-4f54-a45f-a93136e0bacc} EnergyPlus
[openstudio.runmanager.RunManager] <-1> Enqueuing Job: {c17a695c-20aa-4081-bcf2-4d2254be10ae} UserScript (UserScriptAdapter.rb)
[openstudio.runmanager.RunManager] <-1> Enqueuing Job: {0f60ae91-9703-4e4f-a6a4-16a306ad7589} OpenStudioPostProcess
[openstudio.runmanager.RunManager] <-2> Persisting JobFile /var/folders/ry/9qrp5ths0g13dj7j20c3c_x93s6z2r/T/OpenStudio.C39752/in.osm
[openstudio.runmanager.Job_Impl] <-2> Returning previously saved outputfiles
[openstudio.runmanager.RunManager] <-2> (/var/folders/ry/9qrp5ths0g13dj7j20c3c_x93s6z2r/T/OpenStudio.C39752/resources/run.db) Persisting job status for {239f694b-1c3a-4332-9c33-1d730e872246}
[openstudio.runmanager.RunManager] <-2> Deleted previous data job status for {239f694b-1c3a-4332-9c33-1d730e872246}
[openstudio.runmanager.RunManager] <-2> Not persisting, job has not actually finished {239f694b-1c3a-4332-9c33-1d730e872246}
[openstudio.runmanager.Job_Impl] <-2> Returning previously saved outputfiles
[openstudio.runmanager.RunManager] <-2> (/var/folders/ry/9qrp5ths0g13dj7j20c3c_x93s6z2r/T/OpenStudio.C39752/resources/run.db) Persisting job status for {3f43a722-f5a5-48a9-b493-9f8cf8bb5b21}
[openstudio.runmanager.RunManager] <-2> Deleted previous data job status for {3f43a722-f5a5-48a9-b493-9f8cf8bb5b21}
[openstudio.runmanager.RunManager] <-2> Not persisting, job has not actually finished {3f43a722-f5a5-48a9-b493-9f8cf8bb5b21}
[openstudio.runmanager.Job_Impl] <-2> Returning previously saved outputfiles
[openstudio.runmanager.RunManager] <-2> (/var/folders/ry/9qrp5ths0g13dj7j20c3c_x93s6z2r/T/OpenStudio.C39752/resources/run.db) Persisting job status for {2f798a41-2491-4298-aeb2-b83840a68060}
[openstudio.runmanager.RunManager] <-2> Deleted previous data job status for {2f798a41-2491-4298-aeb2-b83840a68060}
[openstudio.runmanager.RunManager] <-2> Not persisting, job has not actually finished {2f798a41-2491-4298-aeb2-b83840a68060}
[openstudio.runmanager.RunManager] <-2> Persisting JobFile /Applications/OpenStudio 1.5.1/Ruby/openstudio/runmanager/rubyscripts/UserScriptAdapter.rb
[openstudio.runmanager.RunManager] <-2> Persisting RequiredFile file:///Applications/OpenStudio 1.5.1/OpenStudio.app/Contents/share/openstudio-1.5.1/pat/Measures/ReportRequest/measure.rb to user_script.rb
[openstudio.runmanager.Job_Impl] <-2> Returning previously saved outputfiles
[openstudio.runmanager.RunManager] <-2> (/var/folders/ry/9qrp5ths0g13dj7j20c3c_x93s6z2r/T/OpenStudio.C39752/resources/run.db) Persisting job status for {0398724f-3a38-458c-ad5e-9340b8ef9e37}
[openstudio.runmanager.RunManager] <-2> Deleted previous data job status for {0398724f-3a38-458c-ad5e-9340b8ef9e37}
[openstudio.runmanager.RunManager] <-2> Not persisting, job has not actually finished {0398724f-3a38-458c-ad5e-9340b8ef9e37}
[openstudio.runmanager.Job_Impl] <-2> Returning previously saved outputfiles
[openstudio.runmanager.RunManager] <-2> (/var/folders/ry/9qrp5ths0g13dj7j20c3c_x93s6z2r/T/OpenStudio.C39752/resources/run.db) Persisting job status for {0c4c3cfb-7f77-4bbb-ad45-c03aa527b6e6}
[openstudio.runmanager.RunManager] <-2> Deleted previous data job status for {0c4c3cfb-7f77-4bbb-ad45-c03aa527b6e6}
[openstudio.runmanager.RunManager] <-2> Not persisting, job has not actually finished {0c4c3cfb-7f77-4bbb-ad45-c03aa527b6e6}
[openstudio.runmanager.Job_Impl] <-2> Returning previously saved outputfiles
[openstudio.runmanager.RunManager] <-2> (/var/folders/ry/9qrp5ths0g13dj7j20c3c_x93s6z2r/T/OpenStudio.C39752/resources/run.db) Persisting job status for {53720b58-3de0-4f54-a45f-a93136e0bacc}
[openstudio.runmanager.RunManager] <-2> Deleted previous data job status for {53720b58-3de0-4f54-a45f-a93136e0bacc}
[openstudio.runmanager.RunManager] <-2> Not persisting, job has not actually finished {53720b58-3de0-4f54-a45f-a93136e0bacc}
[openstudio.runmanager.RunManager] <-2> Persisting JobFile /Applications/OpenStudio 1.5.1/Ruby/openstudio/runmanager/rubyscripts/UserScriptAdapter.rb
[openstudio.runmanager.RunManager] <-2> Persisting RequiredFile file:///Applications/OpenStudio 1.5.1/OpenStudio.app/Contents/share/openstudio-1.5.1/pat/Measures/StandardReports/measure.rb to user_script.rb
[openstudio.runmanager.RunManager] <-2> Persisting RequiredFile file:///Applications/OpenStudio 1.5.1/OpenStudio.app/Contents/share/openstudio-1.5.1/pat/Measures/StandardReports/resources/report.html.in to resources/report.html.in
[openstudio.runmanager.Job_Impl] <-2> Returning previously saved outputfiles
[openstudio.runmanager.RunManager] <-2> (/var/folders/ry/9qrp5ths0g13dj7j20c3c_x93s6z2r/T/OpenStudio.C39752/resources/run.db) Persisting job status for {c17a695c-20aa-4081-bcf2-4d2254be10ae}
[openstudio.runmanager.RunManager] <-2> Deleted previous data job status for {c17a695c-20aa-4081-bcf2-4d2254be10ae}
[openstudio.runmanager.RunManager] <-2> Not persisting, job has not actually finished {c17a695c-20aa-4081-bcf2-4d2254be10ae}
[openstudio.runmanager.Job_Impl] <-2> Returning previously saved outputfiles
[openstudio.runmanager.RunManager] <-2> (/var/folders/ry/9qrp5ths0g13dj7j20c3c_x93s6z2r/T/OpenStudio.C39752/resources/run.db) Persisting job status for {0f60ae91-9703-4e4f-a6a4-16a306ad7589}
[openstudio.runmanager.RunManager] <-2> Deleted previous data job status for {0f60ae91-9703-4e4f-a6a4-16a306ad7589}
[openstudio.runmanager.RunManager] <-2> Not persisting, job has not actually finished {0f60ae91-9703-4e4f-a6a4-16a306ad7589}
[openstudio.runmanager.RunManager] <-1> RunManager queue paused state changed 0
[openstudio.runmanager.RunManager] <-1> Starting job locally: {239f694b-1c3a-4332-9c33-1d730e872246} Null Job
[openstudio.runmanager.Null] <-1> Null starting
[openstudio.runmanager.RunManager] <-1> Starting job locally: {3f43a722-f5a5-48a9-b493-9f8cf8bb5b21} ModelToIdf
[openstudio.runmanager.ModelToIdf] <-1> ModelToIdf starting, filename: /var/folders/ry/9qrp5ths0g13dj7j20c3c_x93s6z2r/T/OpenStudio.C39752/in.osm
[openstudio.runmanager.ModelToIdf] <-1> ModelToIdf starting, outdir: /var/folders/ry/9qrp5ths0g13dj7j20c3c_x93s6z2r/T/OpenStudio.C39752/resources/run/1-ModelToIdf-0
[openstudio.osversion.VersionTranslator] <-2> Starting translation from Version 1.5.1.
[openstudio::RunView] <-2> Tree finished, status is: Running
[openstudio::RunView] <-2> Tree finished, status is: Running
[openstudio::RunView] <-2> Tree finished, status is: Running
[openstudio.runmanager.Job_Impl] <-2> Emitting job finished: {239f694b-1c3a-4332-9c33-1d730e872246}
[openstudio.runmanager.Job_Impl] <-2> Date converted: {239f694b-1c3a-4332-9c33-1d730e872246} 2014-Nov-18 22:24:11
[openstudio.runmanager.Job_Impl] <-2> Done Emitting job finished: {239f694b-1c3a-4332-9c33-1d730e872246}
[openstudio::RunView] <-2> Tree finished, status is: Running
[openstudio.runmanager.RunManager] <-2> (/var/folders/ry/9qrp5ths0g13dj7j20c3c_x93s6z2r/T/OpenStudio.C39752/resources/run.db) Persisting job status for {239f694b-1c3a-4332-9c33-1d730e872246}
[openstudio.runmanager.RunManager] <-2> Deleted previous data job status for {239f694b-1c3a-4332-9c33-1d730e872246}
[openstudio.runmanager.RunManager] <-2> Done persisting job, committing {239f694b-1c3a-4332-9c33-1d730e872246}
[openstudio::RunView] <-2> Tree finished, status is: Running
[openstudio::RunView] <-2> Tree finished, status is: Running
[openstudio::RunView] <-2> Tree finished, status is: Running
[openstudio::RunView] <-2> Tree finished, status is: Running
[openstudio.osversion.VersionTranslator] <-2> Initial model has 859 objects.
[openstudio.osversion.VersionTranslator] <-2> Final model has 859 objects in IDF form.
[utilities.idf.Workspace] <-2> Workspace::isValid called.
[openstudio.osversion.VersionTranslator] <-2> Final model has 859 objects in Model form.
[openstudio.runmanager.ModelToIdf] <-2> Looking for weather file at ModelObject specified location: files/USA_CO_Boulder-Broomfield-Jefferson.County.AP.724699_TMY3.epw
[openstudio.runmanager.ModelToIdf] <-2> Completed weatherfile location: files/USA_CO_Boulder-Broomfield-Jefferson.County.AP.724699_TMY3.epw
[openstudio.runmanager.ModelToIdf] <-2> Attempting to use OSM base path to find weather file
[openstudio.runmanager.ModelToIdf] <-2> Attempting to use OSM parent path / resources to find weather file
[openstudio.runmanager.ModelToIdf] <-2> Final selected weatherFile: file:///var/folders/ry/9qrp5ths0g13dj7j20c3c_x93s6z2r/T/OpenStudio.C39752/resources/files/USA_CO_Boulder-Broomfield-Jefferson.County.AP.724699_TMY3.epw
[openstudio.energyplus.ForwardTranslator] <-1> SpaceType 90.1-2007 - MidriseApartment - Office is not referenced by any space, it will not be translated.
[openstudio.energyplus.ForwardTranslator] <-1> SpaceType 90.1-2007 - MidriseApartment - Apartment 1 is not referenced by any space, it will not be translated.
[utilities.idd.IddField] <-1> Field 'Zone Heating Design Supply Air Temperature Input Method' of object 'Sizing:Zone' is both required and has default value, setting required = false.
[utilities.idd.IddField] <-1> Field 'Zone Cooling Design Supply Air Temperature Input Method' of object 'Sizing:Zone' is both required and has default value, setting required = false.
[openstudio.energyplus.ForwardTranslator] <0> Unknown IddObjectType: 'OS:ClimateZones'
[openstudio.energyplus.ForwardTranslator] <0> Unknown IddObjectType: 'OS:ClimateZones'
[utilities.idd.IddField] <-1> Field 'Column Separator' of object 'OutputControl:Table:Style' is both required and has default value, setting required = false.
[openstudio.runmanager.Job_Impl] <-2> Emitting job finished: {3f43a722-f5a5-48a9-b493-9f8cf8bb5b21}
[openstudio.runmanager.Job_Impl] <-2> Date converted: {3f43a722-f5a5-48a9-b493-9f8cf8bb5b21} 2014-Nov-18 22:24:11
[openstudio.runmanager.Job_Impl] <-2> Done Emitting job finished: {3f43a722-f5a5-48a9-b493-9f8cf8bb5b21}
[openstudio::RunView] <-2> Tree finished, status is: Waiting
[openstudio.runmanager.RunManager] <-1> Starting job locally: {2f798a41-2491-4298-aeb2-b83840a68060} ExpandObjects
[openstudio.runmanager.RunManager] <-2> (/var/folders/ry/9qrp5ths0g13dj7j20c3c_x93s6z2r/T/OpenStudio.C39752/resources/run.db) Persisting job status for {3f43a722-f5a5-48a9-b493-9f8cf8bb5b21}
[openstudio.runmanager.RunManager] <-2> Deleted previous data job status for {3f43a722-f5a5-48a9-b493-9f8cf8bb5b21}
[openstudio.runmanager.ToolBasedJob] <-1> Starting ToolBasedJob: {2f798a41-2491-4298-aeb2-b83840a68060}
[openstudio.runmanager.RunManager] <-2> Persisting JobFile in.idf
[openstudio.runmanager.RunManager] <-2> Persisting RequiredFile file:///var/folders/ry/9qrp5ths0g13dj7j20c3c_x93s6z2r/T/OpenStudio.C39752/resources/files/USA_CO_Boulder-Broomfield-Jefferson.County.AP.724699_TMY3.epw to in.epw
[openstudio.runmanager.RunManager] <-2> Done persisting job, committing {3f43a722-f5a5-48a9-b493-9f8cf8bb5b21}
[openstudio.runmanager.ToolBasedJob] <-1> Starting Tool: expandobjects
[openstudio.runmanager.WeatherFileFinder] <-2> Location name field from IDF: Site 1
[openstudio.runmanager.ToolBasedJob] <-1> Requesting Tool: expandobjects version: 8.1.-
[openstudio.runmanager.Tools] <-2> getTool called: expandobjects 8.1.-
[openstudio::RunView] <-2> Tree finished, status is: Running
[openstudio.runmanager.Tools] <-2> total tools: 5
[openstudio.runmanager.Tools] <-2> getAllByName returns 1
[openstudio.runmanager.Tools] <-2> getAllByVersion returns 1
[openstudio.runmanager.ToolBasedJob] <-1> Got Tool: expandobjects version: 8.1.0
[openstudio.runmanager.LocalProcess] <-2> Copying required file from /var/folders/ry/9qrp5ths0g13dj7j20c3c_x93s6z2r/T/OpenStudio.C39752/resources/run/1-ModelToIdf-0/in.idf to /var/folders/ry/9qrp5ths0g13dj7j20c3c_x93s6z2r/T/OpenStudio.C39752/resources/run/2-ExpandObjects-0/in.idf
[openstudio.runmanager.LocalProcess] <-2> Copying required file from /var/folders/ry/9qrp5ths0g13dj7j20c3c_x93s6z2r/T/OpenStudio.C39752/resources/files/USA_CO_Boulder-Broomfield-Jefferson.County.AP.724699_TMY3.epw to /var/folders/ry/9qrp5ths0g13dj7j20c3c_x93s6z2r/T/OpenStudio.C39752/resources/run/2-ExpandObjects-0/in.epw
[openstudio::RunView] <-2> Tree finished, status is: Running
[openstudio.runmanager.LocalProcess] <-2> Copying required file from /Applications/EnergyPlus-8-1-0/Energy+.idd to /var/folders/ry/9qrp5ths0g13dj7j20c3c_x93s6z2r/T/OpenStudio.C39752/resources/run/2-ExpandObjects-0/Energy+.idd
[openstudio.runmanager.LocalProcess] <-1> Creating LocalProcess
[openstudio.runmanager.LocalProcess] <-2> Setting working directory: /var/folders/ry/9qrp5ths0g13dj7j20c3c_x93s6z2r/T/OpenStudio.C39752/resources/run/2-ExpandObjects-0
[openstudio.runmanager.ToolBasedJob] <-2> Acquired required file: /var/folders/ry/9qrp5ths0g13dj7j20c3c_x93s6z2r/T/OpenStudio.C39752/resources/run/1-ModelToIdf-0/in.idf -> /var/folders/ry/9qrp5ths0g13dj7j20c3c_x93s6z2r/T/OpenStudio.C39752/resources/run/2-ExpandObjects-0/in.idf
[openstudio.runmanager.ToolBasedJob] <-2> Acquired required file: /var/folders/ry/9qrp5ths0g13dj7j20c3c_x93s6z2r/T/OpenStudio.C39752/resources/files/USA_CO_Boulder-Broomfield-Jefferson.County.AP.724699_TMY3.epw -> /var/folders/ry/9qrp5ths0g13dj7j20c3c_x93s6z2r/T/OpenStudio.C39752/resources/run/2-ExpandObjects-0/in.epw
[openstudio.runmanager.ToolBasedJob] <-2> Acquired required file: Energy+.idd -> /var/folders/ry/9qrp5ths0g13dj7j20c3c_x93s6z2r/T/OpenStudio.C39752/resources/run/2-ExpandObjects-0/Energy+.idd
[openstudio.runmanager.LocalProcess] <1> Starting LocalProcess: /Applications/EnergyPlus-8-1-0/ExpandObjects
[openstudio::RunView] <-2> Tree finished, status is: Running
[openstudio.runmanager.ToolBasedJob] <-2> ToolBasedJob processStarted: {2f798a41-2491-4298-aeb2-b83840a68060}
[openstudio::RunView] <-2> Tree finished, status is: Running
[openstudio.runmanager.LocalProcess] <-2> processFinished: 0 0
[openstudio.runmanager.ToolBasedJob] <-2> ToolBasedJob processFinished: {2f798a41-2491-4298-aeb2-b83840a68060} 0 0
[openstudio.runmanager.ToolBasedJob] <-2> No osresult file found at: /var/folders/ry/9qrp5ths0g13dj7j20c3c_x93s6z2r/T/OpenStudio.C39752/resources/run/2-ExpandObjects-0
[openstudio.runmanager.ToolBasedJob] <-2> ToolBasedJob processFinished, success: Success
[openstudio.runmanager.ToolBasedJob] <-2> Last Tool Completed: {2f798a41-2491-4298-aeb2-b83840a68060}
[openstudio::RunView] <-2> Tree finished, status is: Waiting
[openstudio.runmanager.RunManager] <-1> Starting job locally: {0398724f-3a38-458c-ad5e-9340b8ef9e37} UserScript (UserScriptAdapter.rb)
[openstudio::RunView] <-2> Tree finished, status is: Running
[openstudio.runmanager.ToolBasedJob] <-1> Starting ToolBasedJob: {0398724f-3a38-458c-ad5e-9340b8ef9e37}
[openstudio.runmanager.RubyJob] <-1> Starting job
[openstudio.runmanager.RubyJob] <-1> Getting files
[openstudio.runmanager.RubyJob] <-1> Adding required file /var/folders/ry/9qrp5ths0g13dj7j20c3c_x93s6z2r/T/OpenStudio.C39752/resources/run/1-ModelToIdf-0/in.idf to: in.idf
[openstudio.runmanager.RubyJob] <-1> Adding required file /var/folders/ry/9qrp5ths0g13dj7j20c3c_x93s6z2r/T/OpenStudio.C39752/resources/run/1-ModelToIdf-0/in.idf to: in-2.idf
[openstudio.runmanager.RubyJob] <-1> Adding required file /var/folders/ry/9qrp5ths0g13dj7j20c3c_x93s6z2r/T/OpenStudio.C39752/in.osm to: in.osm
[openstudio.runmanager.RubyJobUtils] <-1> Skipping file, already exists as a required file: /Applications/OpenStudio 1.5.1/OpenStudio.app/Contents/share/openstudio-1.5.1/pat/Measures/ReportRequest/measure.rb
[openstudio.runmanager.RubyJob] <-2> all input files: /var/folders/ry/9qrp5ths0g13dj7j20c3c_x93s6z2r/T/OpenStudio.C39752/in.osm
[openstudio.runmanager.RubyJob] <-2> all input files: /var/folders/ry/9qrp5ths0g13dj7j20c3c_x93s6z2r/T/OpenStudio.C39752/resources/run/1-ModelToIdf-0/in.idf
[openstudio.runmanager.RubyJob] <-2>    Required File: in.epw
[openstudio.runmanager.RubyJob] <-2> all input files: /var/folders/ry/9qrp5ths0g13dj7j20c3c_x93s6z2r/T/OpenStudio.C39752/resources/run/2-ExpandObjects-0/stdout
[openstudio.runmanager.RubyJob] <-2> all input files: /Applications/OpenStudio 1.5.1/Ruby/openstudio/runmanager/rubyscripts/UserScriptAdapter.rb
[openstudio.runmanager.RubyJob] <-2>    Required File: user_script.rb
[openstudio.runmanager.RubyJob] <-1> Found last EpwFile 'in.epw' attached to last EnergyPlus Workspace
[openstudio.runmanager.ToolBasedJob] <1> acquireRequiredFiles: Unable to add file From: '/var/folders/ry/9qrp5ths0g13dj7j20c3c_x93s6z2r/T/OpenStudio.C39752/resources/files/USA_CO_Boulder-Broomfield-Jefferson.County.AP.724699_TMY3.epw' to '/var/folders/ry/9qrp5ths0g13dj7j20c3c_x93s6z2r/T/OpenStudio.C39752/resources/run/3-UserScript-0/in.epw'. Existing required file from: '/var/folders/ry/9qrp5ths0g13dj7j20c3c_x93s6z2r/T/OpenStudio.C39752/resources/files/USA_CO_Boulder-Broomfield-Jefferson.County.AP.724699_TMY3.epw' to '/var/folders/ry/9qrp5ths0g13dj7j20c3c_x93s6z2r/T/OpenStudio.C39752/resources/run/3-UserScript-0/in.epw' already exists.
[openstudio.runmanager.ToolBasedJob] <-2> Examining osm for requirements: /var/folders/ry/9qrp5ths0g13dj7j20c3c_x93s6z2r/T/OpenStudio.C39752/in.osm with basepath: 
[openstudio.runmanager.ToolBasedJob] <-2> OSM dir did not exist, now using basepath: 
[openstudio.runmanager.ToolBasedJob] <-2> OSM dir did not exist, now using parent resources folder: /var/folders/ry/9qrp5ths0g13dj7j20c3c_x93s6z2r/T/OpenStudio.C39752
[openstudio.runmanager.ToolBasedJob] <-1> Adding OSM requisite file: /var/folders/ry/9qrp5ths0g13dj7j20c3c_x93s6z2r/T/OpenStudio.C39752/resources/files/USA_CO_Boulder-Broomfield-Jefferson.County.AP.724699_TMY3.epw to be installed at: in/files/USA_CO_Boulder-Broomfield-Jefferson.County.AP.724699_TMY3.epw
[openstudio.runmanager.RubyJob] <-1> Found EpwFile in list of required files 'in.epw' preferred over previous relative location of: in.epw
[openstudio.runmanager.ToolBasedJob] <-1> Starting Tool: ruby
[openstudio.runmanager.ToolBasedJob] <-1> Requesting Tool: ruby version: -.-.-
[openstudio::RunView] <-2> Tree finished, status is: Running
[openstudio.runmanager.Tools] <-2> getTool called: ruby -.-.-
[openstudio.runmanager.Tools] <-2> total tools: 5
[openstudio.runmanager.Job_Impl] <-2> Emitting job finished: {2f798a41-2491-4298-aeb2-b83840a68060}
[openstudio.runmanager.Tools] <-2> getAllByName returns 1
[openstudio.runmanager.Job_Impl] <-2> Date converted: {2f798a41-2491-4298-aeb2-b83840a68060} 2014-Nov-18 22:24:12
[openstudio.runmanager.Tools] <-2> getAllByVersion returns 1
[openstudio.runmanager.ToolBasedJob] <-1> Got Tool: ruby version: -.-.-
[openstudio.runmanager.Job_Impl] <-2> Done Emitting job finished: {2f798a41-2491-4298-aeb2-b83840a68060}
[openstudio.runmanager.ToolBasedJob] <1> acquireRequiredFiles: Unable to add file From: '/var/folders/ry/9qrp5ths0g13dj7j20c3c_x93s6z2r/T/OpenStudio.C39752/resources/files/USA_CO_Boulder-Broomfield-Jefferson.County.AP.724699_TMY3.epw' to '/var/folders/ry/9qrp5ths0g13dj7j20c3c_x93s6z2r/T/OpenStudio.C39752/resources/run/3-UserScript-0/in.epw'. Existing required file from: '/var/folders/ry/9qrp5ths0g13dj7j20c3c_x93s6z2r/T/OpenStudio.C39752/resources/files/USA_CO_Boulder-Broomfield-Jefferson.County.AP.724699_TMY3.epw' to '/var/folders/ry/9qrp5ths0g13dj7j20c3c_x93s6z2r/T/OpenStudio.C39752/resources/run/3-UserScript-0/in.epw' already exists.
[openstudio.runmanager.ToolBasedJob] <-2> Examining osm for requirements: /var/folders/ry/9qrp5ths0g13dj7j20c3c_x93s6z2r/T/OpenStudio.C39752/in.osm with basepath: 
[openstudio.runmanager.ToolBasedJob] <-2> OSM dir did not exist, now using basepath: 
[openstudio.runmanager.ToolBasedJob] <-2> OSM dir did not exist, now using parent resources folder: /var/folders/ry/9qrp5ths0g13dj7j20c3c_x93s6z2r/T/OpenStudio.C39752
[openstudio.runmanager.ToolBasedJob] <-1> Adding OSM requisite file: /var/folders/ry/9qrp5ths0g13dj7j20c3c_x93s6z2r/T/OpenStudio.C39752/resources/files/USA_CO_Boulder-Broomfield-Jefferson.County.AP.724699_TMY3.epw to be installed at: in/files/USA_CO_Boulder-Broomfield-Jefferson.County.AP.724699_TMY3.epw
[openstudio.runmanager.LocalProcess] <-2> Copying required file from /var/folders/ry/9qrp5ths0g13dj7j20c3c_x93s6z2r/T/OpenStudio.C39752/resources/run/1-ModelToIdf-0/in.idf to /var/folders/ry/9qrp5ths0g13dj7j20c3c_x93s6z2r/T/OpenStudio.C39752/resources/run/3-UserScript-0/in.idf
[openstudio.runmanager.LocalProcess] <-2> Copying required file from /var/folders/ry/9qrp5ths0g13dj7j20c3c_x93s6z2r/T/OpenStudio.C39752/resources/files/USA_CO_Boulder-Broomfield-Jefferson.County.AP.724699_TMY3.epw to /var/folders/ry/9qrp5ths0g13dj7j20c3c_x93s6z2r/T/OpenStudio.C39752/resources/run/3-UserScript-0/in.epw
[openstudio.runmanager.RunManager] <-2> (/var/folders/ry/9qrp5ths0g13dj7j20c3c_x93s6z2r/T/OpenStudio.C39752/resources/run.db) Persisting job status for {2f798a41-2491-4298-aeb2-b83840a68060}
[openstudio.runmanager.RunManager] <-2> Deleted previous data job status for {2f798a41-2491-4298-aeb2-b83840a68060}
[openstudio.runmanager.RunManager] <-2> Persisting JobFile stdout
[openstudio.runmanager.RunManager] <-2> Done persisting job, committing {2f798a41-2491-4298-aeb2-b83840a68060}
[openstudio::RunView] <-2> Tree finished, status is: Running
[openstudio.runmanager.LocalProcess] <-2> Copying required file from /var/folders/ry/9qrp5ths0g13dj7j20c3c_x93s6z2r/T/OpenStudio.C39752/resources/run/1-ModelToIdf-0/in.idf to /var/folders/ry/9qrp5ths0g13dj7j20c3c_x93s6z2r/T/OpenStudio.C39752/resources/run/3-UserScript-0/in-2.idf
[openstudio::RunView] <-2> Tree finished, status is: Running
[openstudio.runmanager.LocalProcess] <-2> Copying required file from /var/folders/ry/9qrp5ths0g13dj7j20c3c_x93s6z2r/T/OpenStudio.C39752/resources/files/USA_CO_Boulder-Broomfield-Jefferson.County.AP.724699_TMY3.epw to /var/folders/ry/9qrp5ths0g13dj7j20c3c_x93s6z2r/T/OpenStudio.C39752/resources/run/3-UserScript-0/in/files/USA_CO_Boulder-Broomfield-Jefferson.County.AP.724699_TMY3.epw
[openstudio.runmanager.LocalProcess] <-2> Copying required file from /var/folders/ry/9qrp5ths0g13dj7j20c3c_x93s6z2r/T/OpenStudio.C39752/in.osm to /var/folders/ry/9qrp5ths0g13dj7j20c3c_x93s6z2r/T/OpenStudio.C39752/resources/run/3-UserScript-0/in.osm
[openstudio.runmanager.LocalProcess] <-2> Copying required file from /Applications/OpenStudio 1.5.1/Ruby/openstudio/runmanager/rubyscripts/UserScriptAdapter.rb to /var/folders/ry/9qrp5ths0g13dj7j20c3c_x93s6z2r/T/OpenStudio.C39752/resources/run/3-UserScript-0/in.rb
[openstudio.runmanager.LocalProcess] <-2> Copying required file from /Applications/OpenStudio 1.5.1/OpenStudio.app/Contents/share/openstudio-1.5.1/pat/Measures/ReportRequest/measure.rb to /var/folders/ry/9qrp5ths0g13dj7j20c3c_x93s6z2r/T/OpenStudio.C39752/resources/run/3-UserScript-0/user_script.rb
[openstudio.runmanager.LocalProcess] <-1> Creating LocalProcess
[openstudio.runmanager.LocalProcess] <-2> Setting working directory: /var/folders/ry/9qrp5ths0g13dj7j20c3c_x93s6z2r/T/OpenStudio.C39752/resources/run/3-UserScript-0
[openstudio.runmanager.ToolBasedJob] <-2> Acquired required file: /var/folders/ry/9qrp5ths0g13dj7j20c3c_x93s6z2r/T/OpenStudio.C39752/resources/run/1-ModelToIdf-0/in.idf -> /var/folders/ry/9qrp5ths0g13dj7j20c3c_x93s6z2r/T/OpenStudio.C39752/resources/run/3-UserScript-0/in.idf
[openstudio.runmanager.ToolBasedJob] <-2> Acquired required file: /var/folders/ry/9qrp5ths0g13dj7j20c3c_x93s6z2r/T/OpenStudio.C39752/resources/files/USA_CO_Boulder-Broomfield-Jefferson.County.AP.724699_TMY3.epw -> /var/folders/ry/9qrp5ths0g13dj7j20c3c_x93s6z2r/T/OpenStudio.C39752/resources/run/3-UserScript-0/in.epw
[openstudio.runmanager.ToolBasedJob] <-2> Acquired required file: /var/folders/ry/9qrp5ths0g13dj7j20c3c_x93s6z2r/T/OpenStudio.C39752/resources/run/1-ModelToIdf-0/in.idf -> /var/folders/ry/9qrp5ths0g13dj7j20c3c_x93s6z2r/T/OpenStudio.C39752/resources/run/3-UserScript-0/in-2.idf
[openstudio.runmanager.ToolBasedJob] <-2> Acquired required file: /var/folders/ry/9qrp5ths0g13dj7j20c3c_x93s6z2r/T/OpenStudio.C39752/resources/files/USA_CO_Boulder-Broomfield-Jefferson.County.AP.724699_TMY3.epw -> /var/folders/ry/9qrp5ths0g13dj7j20c3c_x93s6z2r/T/OpenStudio.C39752/resources/run/3-UserScript-0/in/files/USA_CO_Boulder-Broomfield-Jefferson.County.AP.724699_TMY3.epw
[openstudio.runmanager.ToolBasedJob] <-2> Acquired required file: /var/folders/ry/9qrp5ths0g13dj7j20c3c_x93s6z2r/T/OpenStudio.C39752/in.osm -> /var/folders/ry/9qrp5ths0g13dj7j20c3c_x93s6z2r/T/OpenStudio.C39752/resources/run/3-UserScript-0/in.osm
[openstudio.runmanager.ToolBasedJob] <-2> Acquired required file: /Applications/OpenStudio 1.5.1/Ruby/openstudio/runmanager/rubyscripts/UserScriptAdapter.rb -> /var/folders/ry/9qrp5ths0g13dj7j20c3c_x93s6z2r/T/OpenStudio.C39752/resources/run/3-UserScript-0/in.rb
[openstudio.runmanager.ToolBasedJob] <-2> Acquired required file: /Applications/OpenStudio 1.5.1/OpenStudio.app/Contents/share/openstudio-1.5.1/pat/Measures/ReportRequest/measure.rb -> /var/folders/ry/9qrp5ths0g13dj7j20c3c_x93s6z2r/T/OpenStudio.C39752/resources/run/3-UserScript-0/user_script.rb
[openstudio.runmanager.LocalProcess] <1> Starting LocalProcess: /System/Library/Frameworks/Ruby.framework/Versions/2.0/usr/bin/ruby
[openstudio.runmanager.LocalProcess] <-2> Adding param: -I
[openstudio.runmanager.LocalProcess] <-2> Adding param: /Applications/OpenStudio 1.5.1/Ruby
[openstudio.runmanager.LocalProcess] <-2> Adding param: in.rb
[openstudio.runmanager.LocalProcess] <-2> Adding param: --argumentName=measures_json
[openstudio.runmanager.LocalProcess] <-2> Adding param: --argumentValue=[{"arguments":{},"measure":"/Applications/OpenStudio 1.5.1/OpenStudio.app/Contents/share/openstudio-1.5.1/pat/Measures/StandardReports/measure.rb"}]
[openstudio.runmanager.LocalProcess] <-2> Adding param: --lastOpenStudioModelPath=/var/folders/ry/9qrp5ths0g13dj7j20c3c_x93s6z2r/T/OpenStudio.C39752/in.osm
[openstudio.runmanager.LocalProcess] <-2> Adding param: --lastEnergyPlusWorkspacePath=/var/folders/ry/9qrp5ths0g13dj7j20c3c_x93s6z2r/T/OpenStudio.C39752/resources/run/1-ModelToIdf-0/in.idf
[openstudio.runmanager.LocalProcess] <-2> Adding param: --lastEpwFilePathArgument=/var/folders/ry/9qrp5ths0g13dj7j20c3c_x93s6z2r/T/OpenStudio.C39752/resources/run/3-UserScript-0/in.epw
[openstudio::RunView] <-2> Tree finished, status is: Running
[openstudio.runmanager.ToolBasedJob] <-2> ToolBasedJob processStarted: {0398724f-3a38-458c-ad5e-9340b8ef9e37}
[openstudio::RunView] <-2> Tree finished, status is: Running
[openstudio.runmanager.LocalProcess] <-2> processFinished: 0 0
[openstudio::RunView] <-2> Tree finished, status is: Running
[openstudio.runmanager.ToolBasedJob] <-2> ToolBasedJob processFinished: {0398724f-3a38-458c-ad5e-9340b8ef9e37} 0 0
[openstudio.runmanager.ToolBasedJob] <-2> Attempting to load results for merged job: 0
[openstudio.runmanager.ToolBasedJob] <-2> Setting osresult files: 1
[openstudio.runmanager.ToolBasedJob] <-2> ToolBasedJob processFinished, success: Success
[openstudio.runmanager.ToolBasedJob] <-2> Last Tool Completed: {0398724f-3a38-458c-ad5e-9340b8ef9e37}
[openstudio::RunView] <-2> Tree finished, status is: Waiting
[openstudio.runmanager.RunManager] <-1> Starting job locally: {0c4c3cfb-7f77-4bbb-ad45-c03aa527b6e6} EnergyPlusPreProcess
[openstudio.runmanager.EnergyPlusPreProcessJob] <-1> EnergyPlusPreProcess starting, outdir: /var/folders/ry/9qrp5ths0g13dj7j20c3c_x93s6z2r/T/OpenStudio.C39752/resources/run/4-EnergyPlusPreProcess-0
[openstudio::RunView] <-2> Tree finished, status is: Running
[openstudio.runmanager.Job_Impl] <-2> Emitting job finished: {0398724f-3a38-458c-ad5e-9340b8ef9e37}
[openstudio.runmanager.Job_Impl] <-2> Date converted: {0398724f-3a38-458c-ad5e-9340b8ef9e37} 2014-Nov-18 22:24:12
[openstudio.runmanager.Job_Impl] <-2> Done Emitting job finished: {0398724f-3a38-458c-ad5e-9340b8ef9e37}
[openstudio.runmanager.RunManager] <-2> (/var/folders/ry/9qrp5ths0g13dj7j20c3c_x93s6z2r/T/OpenStudio.C39752/resources/run.db) Persisting job status for {0398724f-3a38-458c-ad5e-9340b8ef9e37}
[openstudio.runmanager.RunManager] <-2> Deleted previous data job status for {0398724f-3a38-458c-ad5e-9340b8ef9e37}
[openstudio.runmanager.RunManager] <-2> Persisting JobFile example.json
[openstudio.runmanager.RunManager] <-2> Persisting JobFile out.idf
[openstudio.runmanager.RunManager] <-2> Persisting RequiredFile file:///var/folders/ry/9qrp5ths0g13dj7j20c3c_x93s6z2r/T/OpenStudio.C39752/resources/files/USA_CO_Boulder-Broomfield-Jefferson.County.AP.724699_TMY3.epw to in.epw
[openstudio.runmanager.RunManager] <-2> Persisting JobFile params.json
[openstudio.runmanager.RunManager] <-2> Persisting JobFile result.ossr
[openstudio.runmanager.RunManager] <-2> Persisting JobFile stdout
[openstudio.runmanager.RunManager] <-2> Done persisting job, committing {0398724f-3a38-458c-ad5e-9340b8ef9e37}
[openstudio::RunView] <-2> Tree finished, status is: Running
[openstudio::RunView] <-2> Tree finished, status is: Running
[openstudio::RunView] <-2> Tree finished, status is: Running
[openstudio::RunView] <-2> Tree finished, status is: Running
[openstudio.runmanager.Job_Impl] <-2> Emitting job finished: {0c4c3cfb-7f77-4bbb-ad45-c03aa527b6e6}
[openstudio.runmanager.Job_Impl] <-2> Date converted: {0c4c3cfb-7f77-4bbb-ad45-c03aa527b6e6} 2014-Nov-18 22:24:13
[openstudio.runmanager.Job_Impl] <-2> Done Emitting job finished: {0c4c3cfb-7f77-4bbb-ad45-c03aa527b6e6}
[openstudio::RunView] <-2> Tree finished, status is: Waiting
[openstudio.runmanager.RunManager] <-2> (/var/folders/ry/9qrp5ths0g13dj7j20c3c_x93s6z2r/T/OpenStudio.C39752/resources/run.db) Persisting job status for {0c4c3cfb-7f77-4bbb-ad45-c03aa527b6e6}
[openstudio.runmanager.RunManager] <-1> Starting job locally: {53720b58-3de0-4f54-a45f-a93136e0bacc} EnergyPlus
[openstudio.runmanager.RunManager] <-2> Deleted previous data job status for {0c4c3cfb-7f77-4bbb-ad45-c03aa527b6e6}
[openstudio.runmanager.RunManager] <-2> Persisting JobFile out.idf
[openstudio.runmanager.ToolBasedJob] <-1> Starting ToolBasedJob: {53720b58-3de0-4f54-a45f-a93136e0bacc}
[openstudio.runmanager.RunManager] <-2> Persisting RequiredFile file:///var/folders/ry/9qrp5ths0g13dj7j20c3c_x93s6z2r/T/OpenStudio.C39752/resources/files/USA_CO_Boulder-Broomfield-Jefferson.County.AP.724699_TMY3.epw to in.epw
[openstudio.runmanager.RunManager] <-2> Done persisting job, committing {0c4c3cfb-7f77-4bbb-ad45-c03aa527b6e6}
[openstudio.runmanager.ToolBasedJob] <-1> Starting Tool: energyplus
[openstudio.runmanager.WeatherFileFinder] <-2> Location name field from IDF: Site 1
[openstudio.runmanager.ToolBasedJob] <-1> Requesting Tool: energyplus version: 8.1.-
[openstudio.runmanager.Tools] <-2> getTool called: energyplus 8.1.-
[openstudio::RunView] <-2> Tree finished, status is: Running
[openstudio.runmanager.Tools] <-2> total tools: 5
[openstudio.runmanager.Tools] <-2> getAllByName returns 1
[openstudio.runmanager.Tools] <-2> getAllByVersion returns 1
[openstudio.runmanager.ToolBasedJob] <-1> Got Tool: energyplus version: 8.1.0
[openstudio.runmanager.LocalProcess] <-2> Copying required file from /var/folders/ry/9qrp5ths0g13dj7j20c3c_x93s6z2r/T/OpenStudio.C39752/resources/run/4-EnergyPlusPreProcess-0/out.idf to /var/folders/ry/9qrp5ths0g13dj7j20c3c_x93s6z2r/T/OpenStudio.C39752/resources/run/5-EnergyPlus-0/in.idf
[openstudio.runmanager.LocalProcess] <-2> Copying required file from /var/folders/ry/9qrp5ths0g13dj7j20c3c_x93s6z2r/T/OpenStudio.C39752/resources/files/USA_CO_Boulder-Broomfield-Jefferson.County.AP.724699_TMY3.epw to /var/folders/ry/9qrp5ths0g13dj7j20c3c_x93s6z2r/T/OpenStudio.C39752/resources/run/5-EnergyPlus-0/in.epw
[openstudio::RunView] <-2> Tree finished, status is: Running
[openstudio.runmanager.LocalProcess] <-2> Copying required file from /Applications/EnergyPlus-8-1-0/Energy+.idd to /var/folders/ry/9qrp5ths0g13dj7j20c3c_x93s6z2r/T/OpenStudio.C39752/resources/run/5-EnergyPlus-0/Energy+.idd
[openstudio.runmanager.LocalProcess] <-1> Creating LocalProcess
[openstudio.runmanager.LocalProcess] <-2> Setting working directory: /var/folders/ry/9qrp5ths0g13dj7j20c3c_x93s6z2r/T/OpenStudio.C39752/resources/run/5-EnergyPlus-0
[openstudio.runmanager.ToolBasedJob] <-2> Acquired required file: /var/folders/ry/9qrp5ths0g13dj7j20c3c_x93s6z2r/T/OpenStudio.C39752/resources/run/4-EnergyPlusPreProcess-0/out.idf -> /var/folders/ry/9qrp5ths0g13dj7j20c3c_x93s6z2r/T/OpenStudio.C39752/resources/run/5-EnergyPlus-0/in.idf
[openstudio.runmanager.ToolBasedJob] <-2> Acquired required file: /var/folders/ry/9qrp5ths0g13dj7j20c3c_x93s6z2r/T/OpenStudio.C39752/resources/files/USA_CO_Boulder-Broomfield-Jefferson.County.AP.724699_TMY3.epw -> /var/folders/ry/9qrp5ths0g13dj7j20c3c_x93s6z2r/T/OpenStudio.C39752/resources/run/5-EnergyPlus-0/in.epw
[openstudio.runmanager.ToolBasedJob] <-2> Acquired required file: Energy+.idd -> /var/folders/ry/9qrp5ths0g13dj7j20c3c_x93s6z2r/T/OpenStudio.C39752/resources/run/5-EnergyPlus-0/Energy+.idd
[openstudio.runmanager.LocalProcess] <1> Starting LocalProcess: /Applications/EnergyPlus-8-1-0/EnergyPlus
[openstudio::RunView] <-2> Tree finished, status is: Running
[openstudio.runmanager.ToolBasedJob] <-2> ToolBasedJob processStarted: {53720b58-3de0-4f54-a45f-a93136e0bacc}
[openstudio::RunView] <-2> Tree finished, status is: Running
[openstudio.runmanager.LocalProcess] <-2> processFinished: 0 0
[openstudio::RunView] <-2> Tree finished, status is: Running
[openstudio.runmanager.ToolBasedJob] <-2> ToolBasedJob processFinished: {53720b58-3de0-4f54-a45f-a93136e0bacc} 0 0
[openstudio.runmanager.ToolBasedJob] <-2> Setting error file: /var/folders/ry/9qrp5ths0g13dj7j20c3c_x93s6z2r/T/OpenStudio.C39752/resources/run/5-EnergyPlus-0/eplusout.err
[openstudio.runmanager.ToolBasedJob] <-2> No osresult file found at: /var/folders/ry/9qrp5ths0g13dj7j20c3c_x93s6z2r/T/OpenStudio.C39752/resources/run/5-EnergyPlus-0
[openstudio.runmanager.ToolBasedJob] <-2> ToolBasedJob processFinished, success: Success
[openstudio.runmanager.ToolBasedJob] <-2> Last Tool Completed: {53720b58-3de0-4f54-a45f-a93136e0bacc}
[openstudio::RunView] <-2> Tree finished, status is: Waiting
[openstudio.runmanager.RunManager] <-1> Starting job locally: {c17a695c-20aa-4081-bcf2-4d2254be10ae} UserScript (UserScriptAdapter.rb)
[openstudio::RunView] <-2> Tree finished, status is: Running
[openstudio.runmanager.ToolBasedJob] <-1> Starting ToolBasedJob: {c17a695c-20aa-4081-bcf2-4d2254be10ae}
[openstudio.runmanager.Job_Impl] <-2> Emitting job finished: {53720b58-3de0-4f54-a45f-a93136e0bacc}
[openstudio.runmanager.RubyJob] <-1> Starting job
[openstudio.runmanager.Job_Impl] <-2> Date converted: {53720b58-3de0-4f54-a45f-a93136e0bacc} 2014-Nov-18 22:24:13
[openstudio.runmanager.RubyJob] <-1> Getting files
[openstudio.runmanager.Job_Impl] <-2> Done Emitting job finished: {53720b58-3de0-4f54-a45f-a93136e0bacc}
[openstudio.runmanager.RubyJob] <-1> Adding required file /var/folders/ry/9qrp5ths0g13dj7j20c3c_x93s6z2r/T/OpenStudio.C39752/resources/run/4-EnergyPlusPreProcess-0/out.idf to: in.idf
[openstudio.runmanager.RunManager] <-2> (/var/folders/ry/9qrp5ths0g13dj7j20c3c_x93s6z2r/T/OpenStudio.C39752/resources/run.db) Persisting job status for {53720b58-3de0-4f54-a45f-a93136e0bacc}
[openstudio.runmanager.RunManager] <-2> Deleted previous data job status for {53720b58-3de0-4f54-a45f-a93136e0bacc}
[openstudio.runmanager.RunManager] <-2> Persisting JobFile Energy+.ini
[openstudio.runmanager.RunManager] <-2> Persisting JobFile eplusmap.csv
[openstudio.runmanager.RunManager] <-2> Persisting JobFile eplusout.audit
[openstudio.runmanager.RunManager] <-2> Persisting JobFile eplusout.bnd
[openstudio.runmanager.RunManager] <-2> Persisting JobFile eplusout.eio
[openstudio.runmanager.RunManager] <-2> Persisting JobFile eplusout.end
[openstudio.runmanager.RunManager] <-2> Persisting JobFile eplusout.err
[openstudio.runmanager.RunManager] <-2> Persisting JobFile eplusout.eso
[openstudio.runmanager.RunManager] <-2> Persisting JobFile eplusout.mdd
[openstudio.runmanager.RunManager] <-2> Persisting JobFile eplusout.mtd
[openstudio.runmanager.RunManager] <-2> Persisting JobFile eplusout.mtr
[openstudio.runmanager.RunManager] <-2> Persisting JobFile eplusout.rdd
[openstudio.runmanager.RunManager] <-2> Persisting JobFile eplusout.shd
[openstudio.runmanager.RunManager] <-2> Persisting JobFile eplusout.sql
[openstudio.runmanager.RunManager] <-2> Persisting JobFile eplusssz.csv
[openstudio.runmanager.RunManager] <-2> Persisting JobFile eplustbl.htm
[openstudio.runmanager.RunManager] <-2> Persisting JobFile epluszsz.csv
[openstudio.runmanager.RunManager] <-2> Persisting JobFile sqlite.err
[openstudio.runmanager.RunManager] <-2> Persisting JobFile stderr
[openstudio.runmanager.RunManager] <-2> Persisting JobFile stdout
[openstudio.runmanager.RunManager] <-2> Done persisting job, committing {53720b58-3de0-4f54-a45f-a93136e0bacc}
[openstudio.runmanager.RubyJob] <-1> Adding required file /var/folders/ry/9qrp5ths0g13dj7j20c3c_x93s6z2r/T/OpenStudio.C39752/in.osm to: in.osm
[openstudio.runmanager.RubyJobUtils] <-1> Skipping file, already exists as a required file: /Applications/OpenStudio 1.5.1/OpenStudio.app/Contents/share/openstudio-1.5.1/pat/Measures/StandardReports/measure.rb
[openstudio.runmanager.RubyJob] <-2> all input files: /var/folders/ry/9qrp5ths0g13dj7j20c3c_x93s6z2r/T/OpenStudio.C39752/in.osm
[openstudio.runmanager.RubyJob] <-2> all input files: /var/folders/ry/9qrp5ths0g13dj7j20c3c_x93s6z2r/T/OpenStudio.C39752/resources/run/1-ModelToIdf-0/in.idf
[openstudio.runmanager.RubyJob] <-2>    Required File: in.epw
[openstudio.runmanager.RubyJob] <-2> all input files: /var/folders/ry/9qrp5ths0g13dj7j20c3c_x93s6z2r/T/OpenStudio.C39752/resources/run/2-ExpandObjects-0/stdout
[openstudio.runmanager.RubyJob] <-2> all input files: /Applications/OpenStudio 1.5.1/Ruby/openstudio/runmanager/rubyscripts/UserScriptAdapter.rb
[openstudio.runmanager.RubyJob] <-2>    Required File: user_script.rb
[openstudio.runmanager.RubyJob] <-2> all input files: /var/folders/ry/9qrp5ths0g13dj7j20c3c_x93s6z2r/T/OpenStudio.C39752/resources/run/3-UserScript-0/example.json
[openstudio.runmanager.RubyJob] <-2> all input files: /var/folders/ry/9qrp5ths0g13dj7j20c3c_x93s6z2r/T/OpenStudio.C39752/resources/run/3-UserScript-0/out.idf
[openstudio.runmanager.RubyJob] <-2>    Required File: in.epw
[openstudio.runmanager.RubyJob] <-2> all input files: /var/folders/ry/9qrp5ths0g13dj7j20c3c_x93s6z2r/T/OpenStudio.C39752/resources/run/3-UserScript-0/params.json
[openstudio.runmanager.RubyJob] <-2> all input files: /var/folders/ry/9qrp5ths0g13dj7j20c3c_x93s6z2r/T/OpenStudio.C39752/resources/run/3-UserScript-0/result.ossr
[openstudio.runmanager.RubyJob] <-2> all input files: /var/folders/ry/9qrp5ths0g13dj7j20c3c_x93s6z2r/T/OpenStudio.C39752/resources/run/3-UserScript-0/stdout
[openstudio.runmanager.RubyJob] <-2> all input files: /var/folders/ry/9qrp5ths0g13dj7j20c3c_x93s6z2r/T/OpenStudio.C39752/resources/run/4-EnergyPlusPreProcess-0/out.idf
[openstudio.runmanager.RubyJob] <-2>    Required File: in.epw
[openstudio.runmanager.RubyJob] <-2> all input files: /var/folders/ry/9qrp5ths0g13dj7j20c3c_x93s6z2r/T/OpenStudio.C39752/resources/run/5-EnergyPlus-0/Energy+.ini
[openstudio.runmanager.RubyJob] <-2> all input files: /var/folders/ry/9qrp5ths0g13dj7j20c3c_x93s6z2r/T/OpenStudio.C39752/resources/run/5-EnergyPlus-0/eplusmap.csv
[openstudio.runmanager.RubyJob] <-2> all input files: /var/folders/ry/9qrp5ths0g13dj7j20c3c_x93s6z2r/T/OpenStudio.C39752/resources/run/5-EnergyPlus-0/eplusout.audit
[openstudio.runmanager.RubyJob] <-2> all input files: /var/folders/ry/9qrp5ths0g13dj7j20c3c_x93s6z2r/T/OpenStudio.C39752/resources/run/5-EnergyPlus-0/eplusout.bnd
[openstudio.runmanager.RubyJob] <-2> all input files: /var/folders/ry/9qrp5ths0g13dj7j20c3c_x93s6z2r/T/OpenStudio.C39752/resources/run/5-EnergyPlus-0/eplusout.eio
[openstudio.runmanager.RubyJob] <-2> all input files: /var/folders/ry/9qrp5ths0g13dj7j20c3c_x93s6z2r/T/OpenStudio.C39752/resources/run/5-EnergyPlus-0/eplusout.end
[openstudio.runmanager.RubyJob] <-2> all input files: /var/folders/ry/9qrp5ths0g13dj7j20c3c_x93s6z2r/T/OpenStudio.C39752/resources/run/5-EnergyPlus-0/eplusout.err
[openstudio.runmanager.RubyJob] <-2> all input files: /var/folders/ry/9qrp5ths0g13dj7j20c3c_x93s6z2r/T/OpenStudio.C39752/resources/run/5-EnergyPlus-0/eplusout.eso
[openstudio.runmanager.RubyJob] <-2> all input files: /var/folders/ry/9qrp5ths0g13dj7j20c3c_x93s6z2r/T/OpenStudio.C39752/resources/run/5-EnergyPlus-0/eplusout.mdd
[openstudio.runmanager.RubyJob] <-2> all input files: /var/folders/ry/9qrp5ths0g13dj7j20c3c_x93s6z2r/T/OpenStudio.C39752/resources/run/5-EnergyPlus-0/eplusout.mtd
[openstudio.runmanager.RubyJob] <-2> all input files: /var/folders/ry/9qrp5ths0g13dj7j20c3c_x93s6z2r/T/OpenStudio.C39752/resources/run/5-EnergyPlus-0/eplusout.mtr
[openstudio.runmanager.RubyJob] <-2> all input files: /var/folders/ry/9qrp5ths0g13dj7j20c3c_x93s6z2r/T/OpenStudio.C39752/resources/run/5-EnergyPlus-0/eplusout.rdd
[openstudio.runmanager.RubyJob] <-2> all input files: /var/folders/ry/9qrp5ths0g13dj7j20c3c_x93s6z2r/T/OpenStudio.C39752/resources/run/5-EnergyPlus-0/eplusout.shd
[openstudio.runmanager.RubyJob] <-2> all input files: /var/folders/ry/9qrp5ths0g13dj7j20c3c_x93s6z2r/T/OpenStudio.C39752/resources/run/5-EnergyPlus-0/eplusout.sql
[openstudio.runmanager.RubyJob] <-2> all input files: /var/folders/ry/9qrp5ths0g13dj7j20c3c_x93s6z2r/T/OpenStudio.C39752/resources/run/5-EnergyPlus-0/eplusssz.csv
[openstudio.runmanager.RubyJob] <-2> all input files: /var/folders/ry/9qrp5ths0g13dj7j20c3c_x93s6z2r/T/OpenStudio.C39752/resources/run/5-EnergyPlus-0/eplustbl.htm
[openstudio.runmanager.RubyJob] <-2> all input files: /var/folders/ry/9qrp5ths0g13dj7j20c3c_x93s6z2r/T/OpenStudio.C39752/resources/run/5-EnergyPlus-0/epluszsz.csv
[openstudio.runmanager.RubyJob] <-2> all input files: /var/folders/ry/9qrp5ths0g13dj7j20c3c_x93s6z2r/T/OpenStudio.C39752/resources/run/5-EnergyPlus-0/sqlite.err
[openstudio.runmanager.RubyJob] <-2> all input files: /var/folders/ry/9qrp5ths0g13dj7j20c3c_x93s6z2r/T/OpenStudio.C39752/resources/run/5-EnergyPlus-0/stderr
[openstudio.runmanager.RubyJob] <-2> all input files: /var/folders/ry/9qrp5ths0g13dj7j20c3c_x93s6z2r/T/OpenStudio.C39752/resources/run/5-EnergyPlus-0/stdout
[openstudio.runmanager.RubyJob] <-2> all input files: /Applications/OpenStudio 1.5.1/Ruby/openstudio/runmanager/rubyscripts/UserScriptAdapter.rb
[openstudio.runmanager.RubyJob] <-2>    Required File: user_script.rb
[openstudio.runmanager.RubyJob] <-2>    Required File: resources/report.html.in
[openstudio.runmanager.RubyJob] <-1> Found last EpwFile 'in.epw' attached to last EnergyPlus Workspace
[openstudio.runmanager.ToolBasedJob] <-2> Examining osm for requirements: /var/folders/ry/9qrp5ths0g13dj7j20c3c_x93s6z2r/T/OpenStudio.C39752/in.osm with basepath: 
[openstudio.runmanager.ToolBasedJob] <-2> OSM dir did not exist, now using basepath: 
[openstudio.runmanager.ToolBasedJob] <-2> OSM dir did not exist, now using parent resources folder: /var/folders/ry/9qrp5ths0g13dj7j20c3c_x93s6z2r/T/OpenStudio.C39752
[openstudio.runmanager.ToolBasedJob] <-1> Adding OSM requisite file: /var/folders/ry/9qrp5ths0g13dj7j20c3c_x93s6z2r/T/OpenStudio.C39752/resources/files/USA_CO_Boulder-Broomfield-Jefferson.County.AP.724699_TMY3.epw to be installed at: in/files/USA_CO_Boulder-Broomfield-Jefferson.County.AP.724699_TMY3.epw
[openstudio.runmanager.RubyJob] <-1> Found EpwFile in list of required files 'in.epw' preferred over previous relative location of: in.epw
[openstudio.runmanager.ToolBasedJob] <-1> Starting Tool: ruby
[openstudio.runmanager.ToolBasedJob] <-1> Requesting Tool: ruby version: -.-.-
[openstudio.runmanager.Tools] <-2> getTool called: ruby -.-.-
[openstudio.runmanager.Tools] <-2> total tools: 5
[openstudio.runmanager.Tools] <-2> getAllByName returns 1
[openstudio.runmanager.Tools] <-2> getAllByVersion returns 1
[openstudio.runmanager.ToolBasedJob] <-1> Got Tool: ruby version: -.-.-
[openstudio.runmanager.ToolBasedJob] <-2> Examining osm for requirements: /var/folders/ry/9qrp5ths0g13dj7j20c3c_x93s6z2r/T/OpenStudio.C39752/in.osm with basepath: 
[openstudio.runmanager.ToolBasedJob] <-2> OSM dir did not exist, now using basepath: 
[openstudio.runmanager.ToolBasedJob] <-2> OSM dir did not exist, now using parent resources folder: /var/folders/ry/9qrp5ths0g13dj7j20c3c_x93s6z2r/T/OpenStudio.C39752
[openstudio.runmanager.ToolBasedJob] <-1> Adding OSM requisite file: /var/folders/ry/9qrp5ths0g13dj7j20c3c_x93s6z2r/T/OpenStudio.C39752/resources/files/USA_CO_Boulder-Broomfield-Jefferson.County.AP.724699_TMY3.epw to be installed at: in/files/USA_CO_Boulder-Broomfield-Jefferson.County.AP.724699_TMY3.epw
[openstudio::RunView] <-2> Tree finished, status is: Running
[openstudio.runmanager.LocalProcess] <-2> Copying required file from /var/folders/ry/9qrp5ths0g13dj7j20c3c_x93s6z2r/T/OpenStudio.C39752/resources/run/4-EnergyPlusPreProcess-0/out.idf to /var/folders/ry/9qrp5ths0g13dj7j20c3c_x93s6z2r/T/OpenStudio.C39752/resources/run/6-UserScript-0/in.idf
[openstudio.runmanager.LocalProcess] <-2> Copying required file from /var/folders/ry/9qrp5ths0g13dj7j20c3c_x93s6z2r/T/OpenStudio.C39752/resources/files/USA_CO_Boulder-Broomfield-Jefferson.County.AP.724699_TMY3.epw to /var/folders/ry/9qrp5ths0g13dj7j20c3c_x93s6z2r/T/OpenStudio.C39752/resources/run/6-UserScript-0/in.epw
[openstudio::RunView] <-2> Tree finished, status is: Running
[openstudio.runmanager.LocalProcess] <-2> Copying required file from /var/folders/ry/9qrp5ths0g13dj7j20c3c_x93s6z2r/T/OpenStudio.C39752/resources/files/USA_CO_Boulder-Broomfield-Jefferson.County.AP.724699_TMY3.epw to /var/folders/ry/9qrp5ths0g13dj7j20c3c_x93s6z2r/T/OpenStudio.C39752/resources/run/6-UserScript-0/in/files/USA_CO_Boulder-Broomfield-Jefferson.County.AP.724699_TMY3.epw
[openstudio.runmanager.LocalProcess] <-2> Copying required file from /var/folders/ry/9qrp5ths0g13dj7j20c3c_x93s6z2r/T/OpenStudio.C39752/in.osm to /var/folders/ry/9qrp5ths0g13dj7j20c3c_x93s6z2r/T/OpenStudio.C39752/resources/run/6-UserScript-0/in.osm
[openstudio.runmanager.LocalProcess] <-2> Copying required file from /Applications/OpenStudio 1.5.1/Ruby/openstudio/runmanager/rubyscripts/UserScriptAdapter.rb to /var/folders/ry/9qrp5ths0g13dj7j20c3c_x93s6z2r/T/OpenStudio.C39752/resources/run/6-UserScript-0/in.rb
[openstudio.runmanager.LocalProcess] <-2> Copying required file from /Applications/OpenStudio 1.5.1/OpenStudio.app/Contents/share/openstudio-1.5.1/pat/Measures/StandardReports/measure.rb to /var/folders/ry/9qrp5ths0g13dj7j20c3c_x93s6z2r/T/OpenStudio.C39752/resources/run/6-UserScript-0/user_script.rb
[openstudio.runmanager.LocalProcess] <-2> Copying required file from /Applications/OpenStudio 1.5.1/OpenStudio.app/Contents/share/openstudio-1.5.1/pat/Measures/StandardReports/resources/report.html.in to /var/folders/ry/9qrp5ths0g13dj7j20c3c_x93s6z2r/T/OpenStudio.C39752/resources/run/6-UserScript-0/resources/report.html.in
[openstudio.runmanager.LocalProcess] <-1> Creating LocalProcess
[openstudio.runmanager.LocalProcess] <-2> Setting working directory: /var/folders/ry/9qrp5ths0g13dj7j20c3c_x93s6z2r/T/OpenStudio.C39752/resources/run/6-UserScript-0
[openstudio.runmanager.ToolBasedJob] <-2> Acquired required file: /var/folders/ry/9qrp5ths0g13dj7j20c3c_x93s6z2r/T/OpenStudio.C39752/resources/run/4-EnergyPlusPreProcess-0/out.idf -> /var/folders/ry/9qrp5ths0g13dj7j20c3c_x93s6z2r/T/OpenStudio.C39752/resources/run/6-UserScript-0/in.idf
[openstudio.runmanager.ToolBasedJob] <-2> Acquired required file: /var/folders/ry/9qrp5ths0g13dj7j20c3c_x93s6z2r/T/OpenStudio.C39752/resources/files/USA_CO_Boulder-Broomfield-Jefferson.County.AP.724699_TMY3.epw -> /var/folders/ry/9qrp5ths0g13dj7j20c3c_x93s6z2r/T/OpenStudio.C39752/resources/run/6-UserScript-0/in.epw
[openstudio.runmanager.ToolBasedJob] <-2> Acquired required file: /var/folders/ry/9qrp5ths0g13dj7j20c3c_x93s6z2r/T/OpenStudio.C39752/resources/files/USA_CO_Boulder-Broomfield-Jefferson.County.AP.724699_TMY3.epw -> /var/folders/ry/9qrp5ths0g13dj7j20c3c_x93s6z2r/T/OpenStudio.C39752/resources/run/6-UserScript-0/in/files/USA_CO_Boulder-Broomfield-Jefferson.County.AP.724699_TMY3.epw
[openstudio.runmanager.ToolBasedJob] <-2> Acquired required file: /var/folders/ry/9qrp5ths0g13dj7j20c3c_x93s6z2r/T/OpenStudio.C39752/in.osm -> /var/folders/ry/9qrp5ths0g13dj7j20c3c_x93s6z2r/T/OpenStudio.C39752/resources/run/6-UserScript-0/in.osm
[openstudio.runmanager.ToolBasedJob] <-2> Acquired required file: /Applications/OpenStudio 1.5.1/Ruby/openstudio/runmanager/rubyscripts/UserScriptAdapter.rb -> /var/folders/ry/9qrp5ths0g13dj7j20c3c_x93s6z2r/T/OpenStudio.C39752/resources/run/6-UserScript-0/in.rb
[openstudio.runmanager.ToolBasedJob] <-2> Acquired required file: /Applications/OpenStudio 1.5.1/OpenStudio.app/Contents/share/openstudio-1.5.1/pat/Measures/StandardReports/measure.rb -> /var/folders/ry/9qrp5ths0g13dj7j20c3c_x93s6z2r/T/OpenStudio.C39752/resources/run/6-UserScript-0/user_script.rb
[openstudio.runmanager.ToolBasedJob] <-2> Acquired required file: /Applications/OpenStudio 1.5.1/OpenStudio.app/Contents/share/openstudio-1.5.1/pat/Measures/StandardReports/resources/report.html.in -> /var/folders/ry/9qrp5ths0g13dj7j20c3c_x93s6z2r/T/OpenStudio.C39752/resources/run/6-UserScript-0/resources/report.html.in
[openstudio.runmanager.LocalProcess] <1> Starting LocalProcess: /System/Library/Frameworks/Ruby.framework/Versions/2.0/usr/bin/ruby
[openstudio.runmanager.LocalProcess] <-2> Adding param: -I
[openstudio.runmanager.LocalProcess] <-2> Adding param: /Applications/OpenStudio 1.5.1/Ruby
[openstudio.runmanager.LocalProcess] <-2> Adding param: in.rb
[openstudio.runmanager.LocalProcess] <-2> Adding param: --lastOpenStudioModelPath=/var/folders/ry/9qrp5ths0g13dj7j20c3c_x93s6z2r/T/OpenStudio.C39752/in.osm
[openstudio.runmanager.LocalProcess] <-2> Adding param: --lastEnergyPlusWorkspacePath=/var/folders/ry/9qrp5ths0g13dj7j20c3c_x93s6z2r/T/OpenStudio.C39752/resources/run/4-EnergyPlusPreProcess-0/out.idf
[openstudio.runmanager.LocalProcess] <-2> Adding param: --lastEnergyPlusSqlFilePath=/var/folders/ry/9qrp5ths0g13dj7j20c3c_x93s6z2r/T/OpenStudio.C39752/resources/run/5-EnergyPlus-0/eplusout.sql
[openstudio.runmanager.LocalProcess] <-2> Adding param: --lastEpwFilePathArgument=/var/folders/ry/9qrp5ths0g13dj7j20c3c_x93s6z2r/T/OpenStudio.C39752/resources/run/6-UserScript-0/in.epw
[openstudio::RunView] <-2> Tree finished, status is: Running
[openstudio.runmanager.ToolBasedJob] <-2> ToolBasedJob processStarted: {c17a695c-20aa-4081-bcf2-4d2254be10ae}
[openstudio::RunView] <-2> Tree finished, status is: Running
[openstudio.runmanager.LocalProcess] <-2> processFinished: 0 0
[openstudio::RunView] <-2> Tree finished, status is: Running
[openstudio.runmanager.ToolBasedJob] <-2> ToolBasedJob processFinished: {c17a695c-20aa-4081-bcf2-4d2254be10ae} 0 0
[openstudio.runmanager.ToolBasedJob] <-2> Attempting to load results for merged job: 0
[openstudio.runmanager.ToolBasedJob] <-2> Setting osresult files: 1
[openstudio.runmanager.ToolBasedJob] <-2> ToolBasedJob processFinished, success: Success
[openstudio.runmanager.ToolBasedJob] <-2> Last Tool Completed: {c17a695c-20aa-4081-bcf2-4d2254be10ae}
[openstudio::RunView] <-2> Tree finished, status is: Waiting
[openstudio.runmanager.RunManager] <-1> Starting job locally: {0f60ae91-9703-4e4f-a6a4-16a306ad7589} OpenStudioPostProcess
[openstudio.runmanager.Job_Impl] <-2> Emitting job finished: {c17a695c-20aa-4081-bcf2-4d2254be10ae}
[openstudio.runmanager.Job_Impl] <-2> Date converted: {c17a695c-20aa-4081-bcf2-4d2254be10ae} 2014-Nov-18 22:30:49
[openstudio.runmanager.Job_Impl] <-2> Done Emitting job finished: {c17a695c-20aa-4081-bcf2-4d2254be10ae}
[openstudio::RunView] <-2> Tree finished, status is: Running
[openstudio.runmanager.RunManager] <-2> (/var/folders/ry/9qrp5ths0g13dj7j20c3c_x93s6z2r/T/OpenStudio.C39752/resources/run.db) Persisting job status for {c17a695c-20aa-4081-bcf2-4d2254be10ae}
[openstudio.runmanager.RunManager] <-2> Deleted previous data job status for {c17a695c-20aa-4081-bcf2-4d2254be10ae}
[openstudio.runmanager.RunManager] <-2> Persisting JobFile params.json
[openstudio.runmanager.RunManager] <-2> Persisting JobFile report.html
[openstudio.runmanager.RunManager] <-2> Persisting JobFile result.ossr
[openstudio.runmanager.RunManager] <-2> Persisting JobFile stdout
[openstudio.runmanager.RunManager] <-2> Done persisting job, committing {c17a695c-20aa-4081-bcf2-4d2254be10ae}
[openstudio.runmanager.OpenStudioPostProcessJob] <-1> OpenStudioPostProcess starting, filename: /var/folders/ry/9qrp5ths0g13dj7j20c3c_x93s6z2r/T/OpenStudio.C39752/resources/run/5-EnergyPlus-0/eplusout.sql
[openstudio.runmanager.OpenStudioPostProcessJob] <-1> OpenStudioPostProcess starting, outdir: /var/folders/ry/9qrp5ths0g13dj7j20c3c_x93s6z2r/T/OpenStudio.C39752/resources/run/7-OpenStudioPostProcess-0
[openstudio::RunView] <-2> Tree finished, status is: Running
[openstudio::RunView] <-2> Tree finished, status is: Running
[openstudio::RunView] <-2> Tree finished, status is: Running
[openstudio::RunView] <-2> Tree finished, status is: Running
[openstudio.energyplus.SqlFile] <-2> Dictionary Built
[openstudio.runmanager.OpenStudioPostProcessJob] <-2> Extracting attributes from model::Building.
[openstudio.runmanager.OpenStudioPostProcessJob] <-2> Extracting attributes from model::Facility.
[openstudio.runmanager.Job_Impl] <-2> standardClean skipping output file: /var/folders/ry/9qrp5ths0g13dj7j20c3c_x93s6z2r/T/OpenStudio.C39752/resources/run/1-ModelToIdf-0/in.idf
[openstudio.runmanager.Job_Impl] <-2> standardClean: /var/folders/ry/9qrp5ths0g13dj7j20c3c_x93s6z2r/T/OpenStudio.C39752/resources/run/2-ExpandObjects-0/Energy+.idd
[openstudio.runmanager.Job_Impl] <-2> standardClean: /var/folders/ry/9qrp5ths0g13dj7j20c3c_x93s6z2r/T/OpenStudio.C39752/resources/run/2-ExpandObjects-0/in.epw
[openstudio.runmanager.Job_Impl] <-2> standardClean: /var/folders/ry/9qrp5ths0g13dj7j20c3c_x93s6z2r/T/OpenStudio.C39752/resources/run/2-ExpandObjects-0/in.idf
[openstudio.runmanager.Job_Impl] <-2> standardClean: /var/folders/ry/9qrp5ths0g13dj7j20c3c_x93s6z2r/T/OpenStudio.C39752/resources/run/2-ExpandObjects-0/stderr
[openstudio.runmanager.Job_Impl] <-2> standardClean skipping output file: /var/folders/ry/9qrp5ths0g13dj7j20c3c_x93s6z2r/T/OpenStudio.C39752/resources/run/2-ExpandObjects-0/stdout
[openstudio.runmanager.LocalProcess] <-2> cleanUpRequiredFiles: /var/folders/ry/9qrp5ths0g13dj7j20c3c_x93s6z2r/T/OpenStudio.C39752/resources/run/2-ExpandObjects-0/Energy+.idd
[openstudio.runmanager.LocalProcess] <-2> cleanUpRequiredFiles: /var/folders/ry/9qrp5ths0g13dj7j20c3c_x93s6z2r/T/OpenStudio.C39752/resources/run/2-ExpandObjects-0/in.epw
[openstudio.runmanager.LocalProcess] <-2> cleanUpRequiredFiles: /var/folders/ry/9qrp5ths0g13dj7j20c3c_x93s6z2r/T/OpenStudio.C39752/resources/run/2-ExpandObjects-0/in.idf
[openstudio.runmanager.Job_Impl] <-2> standardClean skipping output file: /var/folders/ry/9qrp5ths0g13dj7j20c3c_x93s6z2r/T/OpenStudio.C39752/resources/run/3-UserScript-0/example.json
[openstudio.runmanager.Job_Impl] <-2> standardClean: /var/folders/ry/9qrp5ths0g13dj7j20c3c_x93s6z2r/T/OpenStudio.C39752/resources/run/3-UserScript-0/in-2.idf
[openstudio.runmanager.Job_Impl] <-2> standardClean: /var/folders/ry/9qrp5ths0g13dj7j20c3c_x93s6z2r/T/OpenStudio.C39752/resources/run/3-UserScript-0/in.epw
[openstudio.runmanager.Job_Impl] <-2> standardClean: /var/folders/ry/9qrp5ths0g13dj7j20c3c_x93s6z2r/T/OpenStudio.C39752/resources/run/3-UserScript-0/in
[openstudio.runmanager.Job_Impl] <-2> standardClean: /var/folders/ry/9qrp5ths0g13dj7j20c3c_x93s6z2r/T/OpenStudio.C39752/resources/run/3-UserScript-0/in.idf
[openstudio.runmanager.Job_Impl] <-2> standardClean: /var/folders/ry/9qrp5ths0g13dj7j20c3c_x93s6z2r/T/OpenStudio.C39752/resources/run/3-UserScript-0/in.osm
[openstudio.runmanager.Job_Impl] <-2> standardClean: /var/folders/ry/9qrp5ths0g13dj7j20c3c_x93s6z2r/T/OpenStudio.C39752/resources/run/3-UserScript-0/in.rb
[openstudio.runmanager.Job_Impl] <-2> standardClean skipping output file: /var/folders/ry/9qrp5ths0g13dj7j20c3c_x93s6z2r/T/OpenStudio.C39752/resources/run/3-UserScript-0/out.idf
[openstudio.runmanager.Job_Impl] <-2> standardClean skipping output file: /var/folders/ry/9qrp5ths0g13dj7j20c3c_x93s6z2r/T/OpenStudio.C39752/resources/run/3-UserScript-0/params.json
[openstudio.runmanager.Job_Impl] <-2> standardClean skipping output file: /var/folders/ry/9qrp5ths0g13dj7j20c3c_x93s6z2r/T/OpenStudio.C39752/resources/run/3-UserScript-0/result.ossr
[openstudio.runmanager.Job_Impl] <-2> standardClean: /var/folders/ry/9qrp5ths0g13dj7j20c3c_x93s6z2r/T/OpenStudio.C39752/resources/run/3-UserScript-0/stderr
[openstudio.runmanager.Job_Impl] <-2> standardClean skipping output file: /var/folders/ry/9qrp5ths0g13dj7j20c3c_x93s6z2r/T/OpenStudio.C39752/resources/run/3-UserScript-0/stdout
[openstudio.runmanager.Job_Impl] <-2> standardClean: /var/folders/ry/9qrp5ths0g13dj7j20c3c_x93s6z2r/T/OpenStudio.C39752/resources/run/3-UserScript-0/user_script.rb
[openstudio.runmanager.LocalProcess] <-2> cleanUpRequiredFiles: /var/folders/ry/9qrp5ths0g13dj7j20c3c_x93s6z2r/T/OpenStudio.C39752/resources/run/3-UserScript-0/in/files/USA_CO_Boulder-Broomfield-Jefferson.County.AP.724699_TMY3.epw
[openstudio.runmanager.LocalProcess] <-2> cleanUpRequiredFiles: /var/folders/ry/9qrp5ths0g13dj7j20c3c_x93s6z2r/T/OpenStudio.C39752/resources/run/3-UserScript-0/in-2.idf
[openstudio.runmanager.LocalProcess] <-2> cleanUpRequiredFiles: /var/folders/ry/9qrp5ths0g13dj7j20c3c_x93s6z2r/T/OpenStudio.C39752/resources/run/3-UserScript-0/in.epw
[openstudio.runmanager.LocalProcess] <-2> cleanUpRequiredFiles: /var/folders/ry/9qrp5ths0g13dj7j20c3c_x93s6z2r/T/OpenStudio.C39752/resources/run/3-UserScript-0/in.idf
[openstudio.runmanager.LocalProcess] <-2> cleanUpRequiredFiles: /var/folders/ry/9qrp5ths0g13dj7j20c3c_x93s6z2r/T/OpenStudio.C39752/resources/run/3-UserScript-0/in.osm
[openstudio.runmanager.LocalProcess] <-2> cleanUpRequiredFiles: /var/folders/ry/9qrp5ths0g13dj7j20c3c_x93s6z2r/T/OpenStudio.C39752/resources/run/3-UserScript-0/in.rb
[openstudio.runmanager.LocalProcess] <-2> cleanUpRequiredFiles: /var/folders/ry/9qrp5ths0g13dj7j20c3c_x93s6z2r/T/OpenStudio.C39752/resources/run/3-UserScript-0/user_script.rb
[openstudio.runmanager.Job_Impl] <-2> standardClean skipping output file: /var/folders/ry/9qrp5ths0g13dj7j20c3c_x93s6z2r/T/OpenStudio.C39752/resources/run/4-EnergyPlusPreProcess-0/out.idf
[openstudio.runmanager.Job_Impl] <-2> standardClean: /var/folders/ry/9qrp5ths0g13dj7j20c3c_x93s6z2r/T/OpenStudio.C39752/resources/run/5-EnergyPlus-0/Energy+.idd
[openstudio.runmanager.Job_Impl] <-2> standardClean skipping output file: /var/folders/ry/9qrp5ths0g13dj7j20c3c_x93s6z2r/T/OpenStudio.C39752/resources/run/5-EnergyPlus-0/Energy+.ini
[openstudio.runmanager.Job_Impl] <-2> standardClean skipping output file: /var/folders/ry/9qrp5ths0g13dj7j20c3c_x93s6z2r/T/OpenStudio.C39752/resources/run/5-EnergyPlus-0/eplusmap.csv
[openstudio.runmanager.Job_Impl] <-2> standardClean skipping output file: /var/folders/ry/9qrp5ths0g13dj7j20c3c_x93s6z2r/T/OpenStudio.C39752/resources/run/5-EnergyPlus-0/eplusout.audit
[openstudio.runmanager.Job_Impl] <-2> standardClean skipping output file: /var/folders/ry/9qrp5ths0g13dj7j20c3c_x93s6z2r/T/OpenStudio.C39752/resources/run/5-EnergyPlus-0/eplusout.bnd
[openstudio.runmanager.Job_Impl] <-2> standardClean skipping output file: /var/folders/ry/9qrp5ths0g13dj7j20c3c_x93s6z2r/T/OpenStudio.C39752/resources/run/5-EnergyPlus-0/eplusout.eio
[openstudio.runmanager.Job_Impl] <-2> standardClean skipping output file: /var/folders/ry/9qrp5ths0g13dj7j20c3c_x93s6z2r/T/OpenStudio.C39752/resources/run/5-EnergyPlus-0/eplusout.end
[openstudio.runmanager.Job_Impl] <-2> standardClean skipping output file: /var/folders/ry/9qrp5ths0g13dj7j20c3c_x93s6z2r/T/OpenStudio.C39752/resources/run/5-EnergyPlus-0/eplusout.err
[openstudio.runmanager.Job_Impl] <-2> standardClean skipping output file: /var/folders/ry/9qrp5ths0g13dj7j20c3c_x93s6z2r/T/OpenStudio.C39752/resources/run/5-EnergyPlus-0/eplusout.eso
[openstudio.runmanager.Job_Impl] <-2> standardClean skipping output file: /var/folders/ry/9qrp5ths0g13dj7j20c3c_x93s6z2r/T/OpenStudio.C39752/resources/run/5-EnergyPlus-0/eplusout.mdd
[openstudio.runmanager.Job_Impl] <-2> standardClean skipping output file: /var/folders/ry/9qrp5ths0g13dj7j20c3c_x93s6z2r/T/OpenStudio.C39752/resources/run/5-EnergyPlus-0/eplusout.mtd
[openstudio.runmanager.Job_Impl] <-2> standardClean skipping output file: /var/folders/ry/9qrp5ths0g13dj7j20c3c_x93s6z2r/T/OpenStudio.C39752/resources/run/5-EnergyPlus-0/eplusout.mtr
[openstudio.runmanager.Job_Impl] <-2> standardClean skipping output file: /var/folders/ry/9qrp5ths0g13dj7j20c3c_x93s6z2r/T/OpenStudio.C39752/resources/run/5-EnergyPlus-0/eplusout.rdd
[openstudio.runmanager.Job_Impl] <-2> standardClean skipping output file: /var/folders/ry/9qrp5ths0g13dj7j20c3c_x93s6z2r/T/OpenStudio.C39752/resources/run/5-EnergyPlus-0/eplusout.shd
[openstudio.runmanager.Job_Impl] <-2> standardClean skipping output file: /var/folders/ry/9qrp5ths0g13dj7j20c3c_x93s6z2r/T/OpenStudio.C39752/resources/run/5-EnergyPlus-0/eplusout.sql
[openstudio.runmanager.Job_Impl] <-2> standardClean skipping output file: /var/folders/ry/9qrp5ths0g13dj7j20c3c_x93s6z2r/T/OpenStudio.C39752/resources/run/5-EnergyPlus-0/eplusssz.csv
[openstudio.runmanager.Job_Impl] <-2> standardClean skipping output file: /var/folders/ry/9qrp5ths0g13dj7j20c3c_x93s6z2r/T/OpenStudio.C39752/resources/run/5-EnergyPlus-0/eplustbl.htm
[openstudio.runmanager.Job_Impl] <-2> standardClean skipping output file: /var/folders/ry/9qrp5ths0g13dj7j20c3c_x93s6z2r/T/OpenStudio.C39752/resources/run/5-EnergyPlus-0/epluszsz.csv
[openstudio.runmanager.Job_Impl] <-2> standardClean: /var/folders/ry/9qrp5ths0g13dj7j20c3c_x93s6z2r/T/OpenStudio.C39752/resources/run/5-EnergyPlus-0/in.epw
[openstudio.runmanager.Job_Impl] <-2> standardClean: /var/folders/ry/9qrp5ths0g13dj7j20c3c_x93s6z2r/T/OpenStudio.C39752/resources/run/5-EnergyPlus-0/in.idf
[openstudio.runmanager.Job_Impl] <-2> standardClean skipping output file: /var/folders/ry/9qrp5ths0g13dj7j20c3c_x93s6z2r/T/OpenStudio.C39752/resources/run/5-EnergyPlus-0/sqlite.err
[openstudio.runmanager.Job_Impl] <-2> standardClean skipping output file: /var/folders/ry/9qrp5ths0g13dj7j20c3c_x93s6z2r/T/OpenStudio.C39752/resources/run/5-EnergyPlus-0/stderr
[openstudio.runmanager.Job_Impl] <-2> standardClean skipping output file: /var/folders/ry/9qrp5ths0g13dj7j20c3c_x93s6z2r/T/OpenStudio.C39752/resources/run/5-EnergyPlus-0/stdout
[openstudio.runmanager.LocalProcess] <-2> cleanUpRequiredFiles: /var/folders/ry/9qrp5ths0g13dj7j20c3c_x93s6z2r/T/OpenStudio.C39752/resources/run/5-EnergyPlus-0/Energy+.idd
[openstudio.runmanager.LocalProcess] <-2> cleanUpRequiredFiles: /var/folders/ry/9qrp5ths0g13dj7j20c3c_x93s6z2r/T/OpenStudio.C39752/resources/run/5-EnergyPlus-0/in.epw
[openstudio.runmanager.LocalProcess] <-2> cleanUpRequiredFiles: /var/folders/ry/9qrp5ths0g13dj7j20c3c_x93s6z2r/T/OpenStudio.C39752/resources/run/5-EnergyPlus-0/in.idf
[openstudio.runmanager.Job_Impl] <-2> standardClean: /var/folders/ry/9qrp5ths0g13dj7j20c3c_x93s6z2r/T/OpenStudio.C39752/resources/run/6-UserScript-0/in.epw
[openstudio.runmanager.Job_Impl] <-2> standardClean: /var/folders/ry/9qrp5ths0g13dj7j20c3c_x93s6z2r/T/OpenStudio.C39752/resources/run/6-UserScript-0/in
[openstudio.runmanager.Job_Impl] <-2> standardClean: /var/folders/ry/9qrp5ths0g13dj7j20c3c_x93s6z2r/T/OpenStudio.C39752/resources/run/6-UserScript-0/in.idf
[openstudio.runmanager.Job_Impl] <-2> standardClean: /var/folders/ry/9qrp5ths0g13dj7j20c3c_x93s6z2r/T/OpenStudio.C39752/resources/run/6-UserScript-0/in.osm
[openstudio.runmanager.Job_Impl] <-2> standardClean: /var/folders/ry/9qrp5ths0g13dj7j20c3c_x93s6z2r/T/OpenStudio.C39752/resources/run/6-UserScript-0/in.rb
[openstudio.runmanager.Job_Impl] <-2> standardClean skipping output file: /var/folders/ry/9qrp5ths0g13dj7j20c3c_x93s6z2r/T/OpenStudio.C39752/resources/run/6-UserScript-0/params.json
[openstudio.runmanager.Job_Impl] <-2> standardClean skipping output file: /var/folders/ry/9qrp5ths0g13dj7j20c3c_x93s6z2r/T/OpenStudio.C39752/resources/run/6-UserScript-0/report.html
[openstudio.runmanager.Job_Impl] <-2> standardClean skipping output file: /var/folders/ry/9qrp5ths0g13dj7j20c3c_x93s6z2r/T/OpenStudio.C39752/resources/run/6-UserScript-0/result.ossr
[openstudio.runmanager.Job_Impl] <-2> standardClean: /var/folders/ry/9qrp5ths0g13dj7j20c3c_x93s6z2r/T/OpenStudio.C39752/resources/run/6-UserScript-0/stderr
[openstudio.runmanager.Job_Impl] <-2> standardClean skipping output file: /var/folders/ry/9qrp5ths0g13dj7j20c3c_x93s6z2r/T/OpenStudio.C39752/resources/run/6-UserScript-0/stdout
[openstudio.runmanager.Job_Impl] <-2> standardClean: /var/folders/ry/9qrp5ths0g13dj7j20c3c_x93s6z2r/T/OpenStudio.C39752/resources/run/6-UserScript-0/user_script.rb
[openstudio.runmanager.LocalProcess] <-2> cleanUpRequiredFiles: /var/folders/ry/9qrp5ths0g13dj7j20c3c_x93s6z2r/T/OpenStudio.C39752/resources/run/6-UserScript-0/in/files/USA_CO_Boulder-Broomfield-Jefferson.County.AP.724699_TMY3.epw
[openstudio.runmanager.LocalProcess] <-2> cleanUpRequiredFiles: /var/folders/ry/9qrp5ths0g13dj7j20c3c_x93s6z2r/T/OpenStudio.C39752/resources/run/6-UserScript-0/in.epw
[openstudio.runmanager.LocalProcess] <-2> cleanUpRequiredFiles: /var/folders/ry/9qrp5ths0g13dj7j20c3c_x93s6z2r/T/OpenStudio.C39752/resources/run/6-UserScript-0/in.idf
[openstudio.runmanager.LocalProcess] <-2> cleanUpRequiredFiles: /var/folders/ry/9qrp5ths0g13dj7j20c3c_x93s6z2r/T/OpenStudio.C39752/resources/run/6-UserScript-0/in.osm
[openstudio.runmanager.LocalProcess] <-2> cleanUpRequiredFiles: /var/folders/ry/9qrp5ths0g13dj7j20c3c_x93s6z2r/T/OpenStudio.C39752/resources/run/6-UserScript-0/in.rb
[openstudio.runmanager.LocalProcess] <-2> cleanUpRequiredFiles: /var/folders/ry/9qrp5ths0g13dj7j20c3c_x93s6z2r/T/OpenStudio.C39752/resources/run/6-UserScript-0/resources/report.html.in
[openstudio.runmanager.LocalProcess] <-2> cleanUpRequiredFiles: /var/folders/ry/9qrp5ths0g13dj7j20c3c_x93s6z2r/T/OpenStudio.C39752/resources/run/6-UserScript-0/user_script.rb
[openstudio.runmanager.Job_Impl] <-2> standardClean skipping output file: /var/folders/ry/9qrp5ths0g13dj7j20c3c_x93s6z2r/T/OpenStudio.C39752/resources/run/7-OpenStudioPostProcess-0/report.xml
[openstudio.runmanager.Job_Impl] <-2> Emitting job finished: {0f60ae91-9703-4e4f-a6a4-16a306ad7589}
[openstudio.runmanager.Job_Impl] <-2> Date converted: {0f60ae91-9703-4e4f-a6a4-16a306ad7589} 2014-Nov-18 22:30:53
[openstudio.runmanager.Job_Impl] <-2> Done Emitting job finished: {0f60ae91-9703-4e4f-a6a4-16a306ad7589}
[openstudio::RunView] <-2> Tree finished, status is: Finished
[openstudio::RunView] <-2> Tree finished, error getting radout.sql file: getLastByFilename: FileInfo not found: radout.sql
[openstudio::RunView] <-2> Emitting results generated for sqlfile: /var/folders/ry/9qrp5ths0g13dj7j20c3c_x93s6z2r/T/OpenStudio.C39752/resources/run/5-EnergyPlus-0/eplusout.sql and radiance file 
[saveModelTempDir] <-2> Copying /var/folders/ry/9qrp5ths0g13dj7j20c3c_x93s6z2r/T/OpenStudio.C39752/resources to /Users/nlong/working/personal/School/CVEN5830-SBD/Assignment-3/model/05-shading
[copyDir] <-1> copyDir '/var/folders/ry/9qrp5ths0g13dj7j20c3c_x93s6z2r/T/OpenStudio.C39752/resources' to '/Users/nlong/working/personal/School/CVEN5830-SBD/Assignment-3/model/05-shading'
[synchDirStructures] <-1> Synching destination '/Users/nlong/working/personal/School/CVEN5830-SBD/Assignment-3/model/05-shading' with source '/var/folders/ry/9qrp5ths0g13dj7j20c3c_x93s6z2r/T/OpenStudio.C39752/resources'
[synchDirStructures] <-1> Synching destination '/Users/nlong/working/personal/School/CVEN5830-SBD/Assignment-3/model/05-shading/files' with source '/var/folders/ry/9qrp5ths0g13dj7j20c3c_x93s6z2r/T/OpenStudio.C39752/resources/files'
[synchDirStructures] <-1> Synching destination '/Users/nlong/working/personal/School/CVEN5830-SBD/Assignment-3/model/05-shading/run' with source '/var/folders/ry/9qrp5ths0g13dj7j20c3c_x93s6z2r/T/OpenStudio.C39752/resources/run'
[synchDirStructures] <-1> Synching destination '/Users/nlong/working/personal/School/CVEN5830-SBD/Assignment-3/model/05-shading/scripts' with source '/var/folders/ry/9qrp5ths0g13dj7j20c3c_x93s6z2r/T/OpenStudio.C39752/resources/scripts'
[copyDir] <-1> copyDir '/var/folders/ry/9qrp5ths0g13dj7j20c3c_x93s6z2r/T/OpenStudio.C39752/resources/files' to '/Users/nlong/working/personal/School/CVEN5830-SBD/Assignment-3/model/05-shading/files'
[synchDirStructures] <-1> Synching destination '/Users/nlong/working/personal/School/CVEN5830-SBD/Assignment-3/model/05-shading/files' with source '/var/folders/ry/9qrp5ths0g13dj7j20c3c_x93s6z2r/T/OpenStudio.C39752/resources/files'
[copyDir] <-1> copyDir '/var/folders/ry/9qrp5ths0g13dj7j20c3c_x93s6z2r/T/OpenStudio.C39752/resources/run' to '/Users/nlong/working/personal/School/CVEN5830-SBD/Assignment-3/model/05-shading/run'
[synchDirStructures] <-1> Synching destination '/Users/nlong/working/personal/School/CVEN5830-SBD/Assignment-3/model/05-shading/run' with source '/var/folders/ry/9qrp5ths0g13dj7j20c3c_x93s6z2r/T/OpenStudio.C39752/resources/run'
[copyDir] <-1> copyDir '/var/folders/ry/9qrp5ths0g13dj7j20c3c_x93s6z2r/T/OpenStudio.C39752/resources/run/0-Null' to '/Users/nlong/working/personal/School/CVEN5830-SBD/Assignment-3/model/05-shading/run/0-Null'
[copyDir] <-1> Creating directory named = '0-Null' in parentDstDir = '/Users/nlong/working/personal/School/CVEN5830-SBD/Assignment-3/model/05-shading/run'
[synchDirStructures] <-1> Synching destination '/Users/nlong/working/personal/School/CVEN5830-SBD/Assignment-3/model/05-shading/run/0-Null' with source '/var/folders/ry/9qrp5ths0g13dj7j20c3c_x93s6z2r/T/OpenStudio.C39752/resources/run/0-Null'
[copyDir] <-1> copyDir '/var/folders/ry/9qrp5ths0g13dj7j20c3c_x93s6z2r/T/OpenStudio.C39752/resources/run/1-ModelToIdf-0' to '/Users/nlong/working/personal/School/CVEN5830-SBD/Assignment-3/model/05-shading/run/1-ModelToIdf-0'
[copyDir] <-1> Creating directory named = '1-ModelToIdf-0' in parentDstDir = '/Users/nlong/working/personal/School/CVEN5830-SBD/Assignment-3/model/05-shading/run'
[synchDirStructures] <-1> Synching destination '/Users/nlong/working/personal/School/CVEN5830-SBD/Assignment-3/model/05-shading/run/1-ModelToIdf-0' with source '/var/folders/ry/9qrp5ths0g13dj7j20c3c_x93s6z2r/T/OpenStudio.C39752/resources/run/1-ModelToIdf-0'
[copyDir] <-1> copyDir '/var/folders/ry/9qrp5ths0g13dj7j20c3c_x93s6z2r/T/OpenStudio.C39752/resources/run/2-ExpandObjects-0' to '/Users/nlong/working/personal/School/CVEN5830-SBD/Assignment-3/model/05-shading/run/2-ExpandObjects-0'
[copyDir] <-1> Creating directory named = '2-ExpandObjects-0' in parentDstDir = '/Users/nlong/working/personal/School/CVEN5830-SBD/Assignment-3/model/05-shading/run'
[synchDirStructures] <-1> Synching destination '/Users/nlong/working/personal/School/CVEN5830-SBD/Assignment-3/model/05-shading/run/2-ExpandObjects-0' with source '/var/folders/ry/9qrp5ths0g13dj7j20c3c_x93s6z2r/T/OpenStudio.C39752/resources/run/2-ExpandObjects-0'
[copyDir] <-1> copyDir '/var/folders/ry/9qrp5ths0g13dj7j20c3c_x93s6z2r/T/OpenStudio.C39752/resources/run/3-UserScript-0' to '/Users/nlong/working/personal/School/CVEN5830-SBD/Assignment-3/model/05-shading/run/3-UserScript-0'
[copyDir] <-1> Creating directory named = '3-UserScript-0' in parentDstDir = '/Users/nlong/working/personal/School/CVEN5830-SBD/Assignment-3/model/05-shading/run'
[synchDirStructures] <-1> Synching destination '/Users/nlong/working/personal/School/CVEN5830-SBD/Assignment-3/model/05-shading/run/3-UserScript-0' with source '/var/folders/ry/9qrp5ths0g13dj7j20c3c_x93s6z2r/T/OpenStudio.C39752/resources/run/3-UserScript-0'
[copyDir] <-1> copyDir '/var/folders/ry/9qrp5ths0g13dj7j20c3c_x93s6z2r/T/OpenStudio.C39752/resources/run/4-EnergyPlusPreProcess-0' to '/Users/nlong/working/personal/School/CVEN5830-SBD/Assignment-3/model/05-shading/run/4-EnergyPlusPreProcess-0'
[copyDir] <-1> Creating directory named = '4-EnergyPlusPreProcess-0' in parentDstDir = '/Users/nlong/working/personal/School/CVEN5830-SBD/Assignment-3/model/05-shading/run'
[synchDirStructures] <-1> Synching destination '/Users/nlong/working/personal/School/CVEN5830-SBD/Assignment-3/model/05-shading/run/4-EnergyPlusPreProcess-0' with source '/var/folders/ry/9qrp5ths0g13dj7j20c3c_x93s6z2r/T/OpenStudio.C39752/resources/run/4-EnergyPlusPreProcess-0'
[copyDir] <-1> copyDir '/var/folders/ry/9qrp5ths0g13dj7j20c3c_x93s6z2r/T/OpenStudio.C39752/resources/run/5-EnergyPlus-0' to '/Users/nlong/working/personal/School/CVEN5830-SBD/Assignment-3/model/05-shading/run/5-EnergyPlus-0'
[copyDir] <-1> Creating directory named = '5-EnergyPlus-0' in parentDstDir = '/Users/nlong/working/personal/School/CVEN5830-SBD/Assignment-3/model/05-shading/run'
[synchDirStructures] <-1> Synching destination '/Users/nlong/working/personal/School/CVEN5830-SBD/Assignment-3/model/05-shading/run/5-EnergyPlus-0' with source '/var/folders/ry/9qrp5ths0g13dj7j20c3c_x93s6z2r/T/OpenStudio.C39752/resources/run/5-EnergyPlus-0'
[copyDir] <-1> copyDir '/var/folders/ry/9qrp5ths0g13dj7j20c3c_x93s6z2r/T/OpenStudio.C39752/resources/run/6-UserScript-0' to '/Users/nlong/working/personal/School/CVEN5830-SBD/Assignment-3/model/05-shading/run/6-UserScript-0'
[copyDir] <-1> Creating directory named = '6-UserScript-0' in parentDstDir = '/Users/nlong/working/personal/School/CVEN5830-SBD/Assignment-3/model/05-shading/run'
[synchDirStructures] <-1> Synching destination '/Users/nlong/working/personal/School/CVEN5830-SBD/Assignment-3/model/05-shading/run/6-UserScript-0' with source '/var/folders/ry/9qrp5ths0g13dj7j20c3c_x93s6z2r/T/OpenStudio.C39752/resources/run/6-UserScript-0'
[copyDir] <-1> copyDir '/var/folders/ry/9qrp5ths0g13dj7j20c3c_x93s6z2r/T/OpenStudio.C39752/resources/run/7-OpenStudioPostProcess-0' to '/Users/nlong/working/personal/School/CVEN5830-SBD/Assignment-3/model/05-shading/run/7-OpenStudioPostProcess-0'
[copyDir] <-1> Creating directory named = '7-OpenStudioPostProcess-0' in parentDstDir = '/Users/nlong/working/personal/School/CVEN5830-SBD/Assignment-3/model/05-shading/run'
[synchDirStructures] <-1> Synching destination '/Users/nlong/working/personal/School/CVEN5830-SBD/Assignment-3/model/05-shading/run/7-OpenStudioPostProcess-0' with source '/var/folders/ry/9qrp5ths0g13dj7j20c3c_x93s6z2r/T/OpenStudio.C39752/resources/run/7-OpenStudioPostProcess-0'
[copyDir] <-1> copyDir '/var/folders/ry/9qrp5ths0g13dj7j20c3c_x93s6z2r/T/OpenStudio.C39752/resources/scripts' to '/Users/nlong/working/personal/School/CVEN5830-SBD/Assignment-3/model/05-shading/scripts'
[synchDirStructures] <-1> Synching destination '/Users/nlong/working/personal/School/CVEN5830-SBD/Assignment-3/model/05-shading/scripts' with source '/var/folders/ry/9qrp5ths0g13dj7j20c3c_x93s6z2r/T/OpenStudio.C39752/resources/scripts'
[openstudio.runmanager.RunManager] <-1> RunManager queue paused state changed 1
[openstudio.runmanager.RunManager] <-2> (/var/folders/ry/9qrp5ths0g13dj7j20c3c_x93s6z2r/T/OpenStudio.C39752/resources/run.db) Persisting job status for {0f60ae91-9703-4e4f-a6a4-16a306ad7589}
[openstudio.runmanager.RunManager] <-2> Deleted previous data job status for {0f60ae91-9703-4e4f-a6a4-16a306ad7589}
[openstudio.runmanager.RunManager] <-2> Persisting JobFile report.xml
[openstudio.runmanager.RunManager] <-2> Done persisting job, committing {0f60ae91-9703-4e4f-a6a4-16a306ad7589}
[openstudio::RunView] <-2> Tree finished, status is: Finished
[openstudio::RunView] <-2> Tree finished, error getting radout.sql file: getLastByFilename: FileInfo not found: radout.sql
[openstudio::RunView] <-2> Emitting results generated for sqlfile: /var/folders/ry/9qrp5ths0g13dj7j20c3c_x93s6z2r/T/OpenStudio.C39752/resources/run/5-EnergyPlus-0/eplusout.sql and radiance file 
[saveModelTempDir] <-2> Copying /var/folders/ry/9qrp5ths0g13dj7j20c3c_x93s6z2r/T/OpenStudio.C39752/resources to /Users/nlong/working/personal/School/CVEN5830-SBD/Assignment-3/model/05-shading
[copyDir] <-1> copyDir '/var/folders/ry/9qrp5ths0g13dj7j20c3c_x93s6z2r/T/OpenStudio.C39752/resources' to '/Users/nlong/working/personal/School/CVEN5830-SBD/Assignment-3/model/05-shading'
[synchDirStructures] <-1> Synching destination '/Users/nlong/working/personal/School/CVEN5830-SBD/Assignment-3/model/05-shading' with source '/var/folders/ry/9qrp5ths0g13dj7j20c3c_x93s6z2r/T/OpenStudio.C39752/resources'
[synchDirStructures] <-1> Synching destination '/Users/nlong/working/personal/School/CVEN5830-SBD/Assignment-3/model/05-shading/files' with source '/var/folders/ry/9qrp5ths0g13dj7j20c3c_x93s6z2r/T/OpenStudio.C39752/resources/files'
[synchDirStructures] <-1> Synching destination '/Users/nlong/working/personal/School/CVEN5830-SBD/Assignment-3/model/05-shading/run' with source '/var/folders/ry/9qrp5ths0g13dj7j20c3c_x93s6z2r/T/OpenStudio.C39752/resources/run'
[synchDirStructures] <-1> Synching destination '/Users/nlong/working/personal/School/CVEN5830-SBD/Assignment-3/model/05-shading/run/0-Null' with source '/var/folders/ry/9qrp5ths0g13dj7j20c3c_x93s6z2r/T/OpenStudio.C39752/resources/run/0-Null'
[synchDirStructures] <-1> Synching destination '/Users/nlong/working/personal/School/CVEN5830-SBD/Assignment-3/model/05-shading/run/1-ModelToIdf-0' with source '/var/folders/ry/9qrp5ths0g13dj7j20c3c_x93s6z2r/T/OpenStudio.C39752/resources/run/1-ModelToIdf-0'
[synchDirStructures] <-1> Synching destination '/Users/nlong/working/personal/School/CVEN5830-SBD/Assignment-3/model/05-shading/run/2-ExpandObjects-0' with source '/var/folders/ry/9qrp5ths0g13dj7j20c3c_x93s6z2r/T/OpenStudio.C39752/resources/run/2-ExpandObjects-0'
[synchDirStructures] <-1> Synching destination '/Users/nlong/working/personal/School/CVEN5830-SBD/Assignment-3/model/05-shading/run/3-UserScript-0' with source '/var/folders/ry/9qrp5ths0g13dj7j20c3c_x93s6z2r/T/OpenStudio.C39752/resources/run/3-UserScript-0'
[synchDirStructures] <-1> Synching destination '/Users/nlong/working/personal/School/CVEN5830-SBD/Assignment-3/model/05-shading/run/4-EnergyPlusPreProcess-0' with source '/var/folders/ry/9qrp5ths0g13dj7j20c3c_x93s6z2r/T/OpenStudio.C39752/resources/run/4-EnergyPlusPreProcess-0'
[synchDirStructures] <-1> Synching destination '/Users/nlong/working/personal/School/CVEN5830-SBD/Assignment-3/model/05-shading/run/5-EnergyPlus-0' with source '/var/folders/ry/9qrp5ths0g13dj7j20c3c_x93s6z2r/T/OpenStudio.C39752/resources/run/5-EnergyPlus-0'
[synchDirStructures] <-1> Synching destination '/Users/nlong/working/personal/School/CVEN5830-SBD/Assignment-3/model/05-shading/run/6-UserScript-0' with source '/var/folders/ry/9qrp5ths0g13dj7j20c3c_x93s6z2r/T/OpenStudio.C39752/resources/run/6-UserScript-0'
[synchDirStructures] <-1> Synching destination '/Users/nlong/working/personal/School/CVEN5830-SBD/Assignment-3/model/05-shading/run/7-OpenStudioPostProcess-0' with source '/var/folders/ry/9qrp5ths0g13dj7j20c3c_x93s6z2r/T/OpenStudio.C39752/resources/run/7-OpenStudioPostProcess-0'
[synchDirStructures] <-1> Synching destination '/Users/nlong/working/personal/School/CVEN5830-SBD/Assignment-3/model/05-shading/scripts' with source '/var/folders/ry/9qrp5ths0g13dj7j20c3c_x93s6z2r/T/OpenStudio.C39752/resources/scripts'
[copyDir] <-1> copyDir '/var/folders/ry/9qrp5ths0g13dj7j20c3c_x93s6z2r/T/OpenStudio.C39752/resources/files' to '/Users/nlong/working/personal/School/CVEN5830-SBD/Assignment-3/model/05-shading/files'
[synchDirStructures] <-1> Synching destination '/Users/nlong/working/personal/School/CVEN5830-SBD/Assignment-3/model/05-shading/files' with source '/var/folders/ry/9qrp5ths0g13dj7j20c3c_x93s6z2r/T/OpenStudio.C39752/resources/files'
